2024-05-05 23:18:43.077 [info] Log level: Info
2024-05-05 23:18:43.077 [info] Validating found git in: "git"
2024-05-05 23:18:43.077 [info] Using git "2.39.3" from "git"
2024-05-05 23:18:43.082 [info] > git rev-parse --show-toplevel [6ms]
2024-05-05 23:18:43.082 [info] fatal: not a git repository (or any of the parent directories): .git
2024-05-05 23:18:43.091 [info] > git rev-parse --show-toplevel [1ms]
2024-05-05 23:18:43.091 [info] fatal: not a git repository (or any of the parent directories): .git
2024-05-05 23:18:43.098 [info] > git rev-parse --show-toplevel [2ms]
2024-05-05 23:18:43.098 [info] fatal: not a git repository (or any of the parent directories): .git
2024-05-05 23:18:43.104 [info] > git rev-parse --show-toplevel [2ms]
2024-05-05 23:18:43.104 [info] fatal: not a git repository (or any of the parent directories): .git
2024-05-05 23:18:43.111 [info] > git rev-parse --show-toplevel [2ms]
2024-05-05 23:18:43.111 [info] fatal: not a git repository (or any of the parent directories): .git
2024-05-05 23:18:43.117 [info] > git rev-parse --show-toplevel [2ms]
2024-05-05 23:18:43.117 [info] fatal: not a git repository (or any of the parent directories): .git
2024-05-05 23:18:43.130 [info] > git rev-parse --show-toplevel [2ms]
2024-05-05 23:18:43.130 [info] fatal: not a git repository (or any of the parent directories): .git
2024-05-05 23:18:43.139 [info] > git rev-parse --show-toplevel [2ms]
2024-05-05 23:18:43.139 [info] fatal: not a git repository (or any of the parent directories): .git
2024-05-05 23:18:46.427 [info] > git rev-parse --show-toplevel [3ms]
2024-05-05 23:18:46.427 [info] fatal: not a git repository (or any of the parent directories): .git
2024-05-05 23:18:50.970 [info] > git rev-parse --show-toplevel [3ms]
2024-05-05 23:18:50.970 [info] fatal: not a git repository (or any of the parent directories): .git
2024-05-05 23:27:33.415 [info] > git rev-parse --show-toplevel [2ms]
2024-05-05 23:27:33.415 [info] fatal: not a git repository (or any of the parent directories): .git
2024-05-05 23:27:52.892 [info] > git rev-parse --show-toplevel [2ms]
2024-05-05 23:27:52.892 [info] fatal: not a git repository (or any of the parent directories): .git
2024-05-05 23:30:10.812 [info] > git rev-parse --show-toplevel [2ms]
2024-05-05 23:30:10.813 [info] fatal: not a git repository (or any of the parent directories): .git
2024-05-05 23:30:13.717 [info] > git rev-parse --show-toplevel [2ms]
2024-05-05 23:30:13.717 [info] fatal: not a git repository (or any of the parent directories): .git
2024-05-05 23:31:50.915 [info] > git rev-parse --show-toplevel [1ms]
2024-05-05 23:31:50.915 [info] fatal: not a git repository (or any of the parent directories): .git
2024-05-05 23:31:56.499 [info] > git rev-parse --show-toplevel [1ms]
2024-05-05 23:31:56.499 [info] fatal: not a git repository (or any of the parent directories): .git
2024-05-05 23:38:14.247 [info] > git rev-parse --show-toplevel [2ms]
2024-05-05 23:38:14.247 [info] fatal: not a git repository (or any of the parent directories): .git
2024-05-05 23:40:28.085 [info] > git rev-parse --show-toplevel [2ms]
2024-05-05 23:40:28.085 [info] fatal: not a git repository (or any of the parent directories): .git
2024-05-05 23:48:00.276 [info] > git rev-parse --show-toplevel [2ms]
2024-05-05 23:48:00.276 [info] fatal: not a git repository (or any of the parent directories): .git
2024-05-05 23:48:01.476 [info] > git rev-parse --show-toplevel [2ms]
2024-05-05 23:48:01.476 [info] fatal: not a git repository (or any of the parent directories): .git
2024-05-05 23:48:02.416 [info] > git rev-parse --show-toplevel [5ms]
2024-05-05 23:48:02.416 [info] fatal: not a git repository (or any of the parent directories): .git
2024-05-05 23:48:13.532 [info] > git rev-parse --show-toplevel [2ms]
2024-05-05 23:48:13.532 [info] fatal: not a git repository (or any of the parent directories): .git
2024-05-05 23:49:03.674 [info] > git rev-parse --show-toplevel [1ms]
2024-05-05 23:49:03.674 [info] fatal: not a git repository (or any of the parent directories): .git
2024-05-05 23:49:52.601 [info] > git rev-parse --show-toplevel [3ms]
2024-05-05 23:49:52.601 [info] fatal: not a git repository (or any of the parent directories): .git
2024-05-05 23:53:44.791 [info] > git rev-parse --show-toplevel [2ms]
2024-05-05 23:53:44.791 [info] fatal: not a git repository (or any of the parent directories): .git
2024-05-05 23:53:53.066 [info] > git rev-parse --show-toplevel [2ms]
2024-05-05 23:53:53.066 [info] fatal: not a git repository (or any of the parent directories): .git
2024-05-05 23:54:24.971 [info] > git rev-parse --show-toplevel [2ms]
2024-05-05 23:54:24.971 [info] fatal: not a git repository (or any of the parent directories): .git
2024-05-05 23:55:53.666 [info] > git rev-parse --show-toplevel [2ms]
2024-05-05 23:55:53.666 [info] fatal: not a git repository (or any of the parent directories): .git
2024-05-05 23:56:03.754 [info] > git rev-parse --show-toplevel [1ms]
2024-05-05 23:56:03.754 [info] fatal: not a git repository (or any of the parent directories): .git
2024-05-05 23:56:04.255 [info] > git rev-parse --show-toplevel [1ms]
2024-05-05 23:56:04.255 [info] fatal: not a git repository (or any of the parent directories): .git
2024-05-05 23:56:05.269 [info] > git rev-parse --show-toplevel [3ms]
2024-05-05 23:56:05.269 [info] fatal: not a git repository (or any of the parent directories): .git
2024-05-05 23:56:06.044 [info] > git rev-parse --show-toplevel [2ms]
2024-05-05 23:56:06.044 [info] fatal: not a git repository (or any of the parent directories): .git
2024-05-05 23:56:06.522 [info] > git rev-parse --show-toplevel [1ms]
2024-05-05 23:56:06.522 [info] fatal: not a git repository (or any of the parent directories): .git
2024-05-05 23:56:07.096 [info] > git rev-parse --show-toplevel [2ms]
2024-05-05 23:56:07.096 [info] fatal: not a git repository (or any of the parent directories): .git
2024-05-05 23:56:07.586 [info] > git rev-parse --show-toplevel [2ms]
2024-05-05 23:56:07.586 [info] fatal: not a git repository (or any of the parent directories): .git
2024-05-05 23:56:08.073 [info] > git rev-parse --show-toplevel [2ms]
2024-05-05 23:56:08.073 [info] fatal: not a git repository (or any of the parent directories): .git
2024-05-05 23:56:09.217 [info] > git rev-parse --show-toplevel [2ms]
2024-05-05 23:56:09.217 [info] fatal: not a git repository (or any of the parent directories): .git
2024-05-07 15:28:00.308 [info] > git rev-parse --show-toplevel [2ms]
2024-05-07 15:28:00.315 [info] > git rev-parse --git-dir --git-common-dir [2ms]
2024-05-07 15:28:00.325 [info] Open repository: /home/24SP/24SP_dominguezjs
2024-05-07 15:28:00.343 [info] No remotes found in the git config file.
2024-05-07 15:28:00.344 [info] > git config --get commit.template [9ms]
2024-05-07 15:28:00.344 [info] > git for-each-ref --format=%(refname)%00%(upstream:short)%00%(objectname)%00%(upstream:track)%00%(upstream:remotename)%00%(upstream:remoteref) refs/heads/master refs/remotes/master [2ms]
2024-05-07 15:28:00.345 [warning] No such branch: master.
2024-05-07 15:28:00.582 [info] > git status -z -uall [232ms]
2024-05-07 15:28:01.272 [info] > git config --get commit.template [561ms]
2024-05-07 15:28:01.295 [info] No remotes found in the git config file.
2024-05-07 15:28:01.302 [info] > git check-ignore -v -z --stdin [18ms]
2024-05-07 15:28:01.303 [info] > git for-each-ref --format=%(refname)%00%(upstream:short)%00%(objectname)%00%(upstream:track)%00%(upstream:remotename)%00%(upstream:remoteref) refs/heads/master refs/remotes/master [8ms]
2024-05-07 15:28:01.304 [warning] No such branch: master.
2024-05-07 15:28:01.338 [info] > git show --textconv :public_html/guest_dashboardNew.php [13ms]
2024-05-07 15:28:01.338 [info] > git ls-files --stage -- /home/24SP/24SP_dominguezjs/public_html/guest_dashboardNew.php [4ms]
2024-05-07 15:28:01.353 [info] > git status -z -uall [40ms]
2024-05-07 15:28:52.255 [info] No remotes found in the git config file.
2024-05-07 15:28:52.256 [info] > git config --get commit.template [5ms]
2024-05-07 15:28:52.257 [info] > git for-each-ref --format=%(refname)%00%(upstream:short)%00%(objectname)%00%(upstream:track)%00%(upstream:remotename)%00%(upstream:remoteref) refs/heads/master refs/remotes/master [3ms]
2024-05-07 15:28:52.257 [warning] No such branch: master.
2024-05-07 15:28:52.307 [info] > git status -z -uall [42ms]
2024-05-07 15:28:57.407 [info] No remotes found in the git config file.
2024-05-07 15:28:57.417 [info] > git config --get commit.template [11ms]
2024-05-07 15:28:57.418 [info] > git for-each-ref --format=%(refname)%00%(upstream:short)%00%(objectname)%00%(upstream:track)%00%(upstream:remotename)%00%(upstream:remoteref) refs/heads/master refs/remotes/master [2ms]
2024-05-07 15:28:57.418 [warning] No such branch: master.
2024-05-07 15:28:57.463 [info] > git status -z -uall [36ms]
2024-05-07 15:29:04.308 [info] No remotes found in the git config file.
2024-05-07 15:29:04.309 [info] > git config --get commit.template [12ms]
2024-05-07 15:29:04.310 [info] > git for-each-ref --format=%(refname)%00%(upstream:short)%00%(objectname)%00%(upstream:track)%00%(upstream:remotename)%00%(upstream:remoteref) refs/heads/master refs/remotes/master [2ms]
2024-05-07 15:29:04.310 [warning] No such branch: master.
2024-05-07 15:29:04.355 [info] > git status -z -uall [37ms]
2024-05-07 15:29:10.597 [info] No remotes found in the git config file.
2024-05-07 15:29:10.597 [info] > git config --get commit.template [9ms]
2024-05-07 15:29:10.598 [info] > git for-each-ref --format=%(refname)%00%(upstream:short)%00%(objectname)%00%(upstream:track)%00%(upstream:remotename)%00%(upstream:remoteref) refs/heads/master refs/remotes/master [2ms]
2024-05-07 15:29:10.598 [warning] No such branch: master.
2024-05-07 15:29:10.640 [info] > git status -z -uall [35ms]
2024-05-07 15:29:13.941 [info] > git ls-files --stage -- /home/24SP/24SP_dominguezjs/public_html/guest_dashboardNew.php [1ms]
2024-05-07 15:29:14.027 [info] > git show --textconv :public_html/guest_dashboardNew.php [1ms]
2024-05-07 15:29:16.841 [info] > git config --get commit.template [13ms]
2024-05-07 15:29:16.841 [info] > git for-each-ref --format=%(refname)%00%(upstream:short)%00%(objectname)%00%(upstream:track)%00%(upstream:remotename)%00%(upstream:remoteref) refs/heads/master refs/remotes/master [1ms]
2024-05-07 15:29:16.841 [warning] No such branch: master.
2024-05-07 15:29:16.888 [info] > git status -z -uall [35ms]
2024-05-07 15:29:22.440 [info] > git config --get commit.template [9ms]
2024-05-07 15:29:22.441 [info] > git for-each-ref --format=%(refname)%00%(upstream:short)%00%(objectname)%00%(upstream:track)%00%(upstream:remotename)%00%(upstream:remoteref) refs/heads/master refs/remotes/master [1ms]
2024-05-07 15:29:22.441 [warning] No such branch: master.
2024-05-07 15:29:22.485 [info] > git status -z -uall [38ms]
2024-05-07 15:29:27.564 [info] > git config --get commit.template [6ms]
2024-05-07 15:29:27.565 [info] > git for-each-ref --format=%(refname)%00%(upstream:short)%00%(objectname)%00%(upstream:track)%00%(upstream:remotename)%00%(upstream:remoteref) refs/heads/master refs/remotes/master [1ms]
2024-05-07 15:29:27.565 [warning] No such branch: master.
2024-05-07 15:29:27.609 [info] > git status -z -uall [35ms]
2024-05-07 15:29:32.689 [info] > git config --get commit.template [7ms]
2024-05-07 15:29:32.690 [info] > git for-each-ref --format=%(refname)%00%(upstream:short)%00%(objectname)%00%(upstream:track)%00%(upstream:remotename)%00%(upstream:remoteref) refs/heads/master refs/remotes/master [1ms]
2024-05-07 15:29:32.690 [warning] No such branch: master.
2024-05-07 15:29:32.735 [info] > git status -z -uall [36ms]
2024-05-07 15:29:37.820 [info] > git config --get commit.template [11ms]
2024-05-07 15:29:37.821 [info] > git for-each-ref --format=%(refname)%00%(upstream:short)%00%(objectname)%00%(upstream:track)%00%(upstream:remotename)%00%(upstream:remoteref) refs/heads/master refs/remotes/master [1ms]
2024-05-07 15:29:37.822 [warning] No such branch: master.
2024-05-07 15:29:37.868 [info] > git status -z -uall [34ms]
