2024-05-02 15:41:32.834 [info] Extension host with pid 559272 started
2024-05-02 15:41:32.834 [error] Error: EEXIST: file already exists, open '/home/24SP/24SP_dominguezjs/.vscode-server/data/User/workspaceStorage/38ee5042f4ed346528e7cc520126a2e3/vscode.lock'
2024-05-02 15:41:32.836 [info] Lock '/home/24SP/24SP_dominguezjs/.vscode-server/data/User/workspaceStorage/38ee5042f4ed346528e7cc520126a2e3/vscode.lock': Could not acquire lock, checking if the file is stale.
2024-05-02 15:41:32.843 [info] Lock '/home/24SP/24SP_dominguezjs/.vscode-server/data/User/workspaceStorage/38ee5042f4ed346528e7cc520126a2e3/vscode.lock': The lock does not look stale, elapsed: 974 ms, giving up.
2024-05-02 15:41:32.844 [error] Error: EEXIST: file already exists, open '/home/24SP/24SP_dominguezjs/.vscode-server/data/User/workspaceStorage/38ee5042f4ed346528e7cc520126a2e3-1/vscode.lock'
2024-05-02 15:41:32.844 [info] Lock '/home/24SP/24SP_dominguezjs/.vscode-server/data/User/workspaceStorage/38ee5042f4ed346528e7cc520126a2e3-1/vscode.lock': Could not acquire lock, checking if the file is stale.
2024-05-02 15:41:32.844 [info] Lock '/home/24SP/24SP_dominguezjs/.vscode-server/data/User/workspaceStorage/38ee5042f4ed346528e7cc520126a2e3-1/vscode.lock': The lock does not look stale, elapsed: 663 ms, giving up.
2024-05-02 15:41:32.865 [info] Lock '/home/24SP/24SP_dominguezjs/.vscode-server/data/User/workspaceStorage/38ee5042f4ed346528e7cc520126a2e3-2/vscode.lock': Lock acquired.
2024-05-02 15:41:33.237 [info] ExtensionService#_doActivateExtension vscode.emmet, startup: false, activationEvent: 'onLanguage'
2024-05-02 15:41:33.239 [info] ExtensionService#_doActivateExtension vscode.php-language-features, startup: false, activationEvent: 'onLanguage:php'
2024-05-02 15:41:33.471 [info] ExtensionService#_doActivateExtension vscode.git-base, startup: true, activationEvent: '*', root cause: vscode.git
2024-05-02 15:41:33.723 [info] ExtensionService#_doActivateExtension vscode.git, startup: true, activationEvent: '*'
2024-05-02 15:41:33.723 [info] ExtensionService#_doActivateExtension vscode.github, startup: true, activationEvent: '*'
2024-05-02 15:41:33.978 [info] Eager extensions activated
2024-05-02 15:41:33.978 [info] ExtensionService#_doActivateExtension vscode.debug-auto-launch, startup: false, activationEvent: 'onStartupFinished'
2024-05-02 15:41:33.979 [info] ExtensionService#_doActivateExtension vscode.merge-conflict, startup: false, activationEvent: 'onStartupFinished'
2024-05-02 17:24:14.336 [info] ExtensionService#_doActivateExtension sleistner.vscode-fileutils, startup: false, activationEvent: 'onCommand:fileutils.copyFileName'
2024-05-02 19:33:22.778 [info] Extension host terminating: renderer disconnected for too long (2)
2024-05-02 19:33:22.779 [info] Lock '/home/24SP/24SP_dominguezjs/.vscode-server/data/User/workspaceStorage/38ee5042f4ed346528e7cc520126a2e3-2/vscode.lock': Marking the lockfile as scheduled to be released in 6000 ms.
2024-05-02 19:33:22.791 [info] Extension host with pid 559272 exiting with code 0
