2024-05-03 01:16:46.575 [info] Log level: Info
2024-05-03 01:16:46.576 [info] Validating found git in: "git"
2024-05-03 01:16:46.576 [info] Using git "2.39.3" from "git"
2024-05-03 01:16:46.576 [info] > git rev-parse --show-toplevel [2ms]
2024-05-03 01:16:46.576 [info] fatal: not a git repository (or any of the parent directories): .git
2024-05-03 01:16:46.576 [info] > git rev-parse --show-toplevel [3ms]
2024-05-03 01:16:46.576 [info] fatal: not a git repository (or any of the parent directories): .git
2024-05-03 01:16:46.576 [info] > git rev-parse --show-toplevel [2ms]
2024-05-03 01:16:46.576 [info] fatal: not a git repository (or any of the parent directories): .git
2024-05-03 01:16:46.576 [info] > git rev-parse --show-toplevel [2ms]
2024-05-03 01:16:46.576 [info] fatal: not a git repository (or any of the parent directories): .git
2024-05-03 01:16:46.577 [info] > git rev-parse --show-toplevel [2ms]
2024-05-03 01:16:46.577 [info] fatal: not a git repository (or any of the parent directories): .git
2024-05-03 01:16:46.586 [info] > git rev-parse --show-toplevel [3ms]
2024-05-03 01:16:46.586 [info] fatal: not a git repository (or any of the parent directories): .git
2024-05-03 01:16:46.593 [info] > git rev-parse --show-toplevel [4ms]
2024-05-03 01:16:46.593 [info] fatal: not a git repository (or any of the parent directories): .git
2024-05-03 01:19:07.480 [info] > git rev-parse --show-toplevel [3ms]
2024-05-03 01:19:07.480 [info] fatal: not a git repository (or any of the parent directories): .git
2024-05-03 01:19:10.879 [info] > git rev-parse --show-toplevel [1ms]
2024-05-03 01:19:10.879 [info] fatal: not a git repository (or any of the parent directories): .git
2024-05-03 01:19:11.936 [info] > git rev-parse --show-toplevel [2ms]
2024-05-03 01:19:11.936 [info] fatal: not a git repository (or any of the parent directories): .git
2024-05-03 01:19:16.288 [info] > git rev-parse --show-toplevel [4ms]
2024-05-03 01:19:16.288 [info] fatal: not a git repository (or any of the parent directories): .git
2024-05-03 01:27:04.796 [info] > git rev-parse --show-toplevel [6ms]
2024-05-03 01:27:04.796 [info] fatal: not a git repository (or any of the parent directories): .git
2024-05-03 16:28:55.920 [info] > git rev-parse --show-toplevel [81ms]
2024-05-03 16:28:55.921 [info] fatal: not a git repository (or any of the parent directories): .git
2024-05-03 20:31:37.047 [info] > git rev-parse --show-toplevel [18ms]
2024-05-03 20:31:37.047 [info] fatal: not a git repository (or any of the parent directories): .git
2024-05-03 20:31:57.490 [info] > git rev-parse --show-toplevel [14ms]
2024-05-03 20:31:57.490 [info] fatal: not a git repository (or any of the parent directories): .git
