0 verbose cli /usr/local/bin/node /usr/local/bin/npm
1 info using npm@10.5.0
2 info using node@v21.7.1
3 timing npm:load:whichnode Completed in 1ms
4 timing config:load:defaults Completed in 2ms
5 timing config:load:file:/usr/local/lib/node_modules/npm/npmrc Completed in 0ms
6 timing config:load:builtin Completed in 0ms
7 timing config:load:cli Completed in 3ms
8 timing config:load:env Completed in 0ms
9 timing config:load:file:/home/24SP/24SP_dominguezjs/.cache/typescript/5.4/.npmrc Completed in 0ms
10 timing config:load:project Completed in 1ms
11 timing config:load:file:/home/24SP/24SP_dominguezjs/.npmrc Completed in 1ms
12 timing config:load:user Completed in 1ms
13 timing config:load:file:/usr/local/etc/npmrc Completed in 0ms
14 timing config:load:global Completed in 0ms
15 timing config:load:setEnvs Completed in 1ms
16 timing config:load Completed in 8ms
17 timing npm:load:configload Completed in 8ms
18 timing config:load:flatten Completed in 2ms
19 timing npm:load:mkdirpcache Completed in 0ms
20 timing npm:load:mkdirplogs Completed in 1ms
21 verbose title npm install types-registry@latest
22 verbose argv "install" "--ignore-scripts" "types-registry@latest"
23 timing npm:load:setTitle Completed in 0ms
24 timing npm:load:display Completed in 1ms
25 verbose logfile logs-max:10 dir:/home/24SP/24SP_dominguezjs/.npm/_logs/2024-04-26T19_06_15_865Z-
26 verbose logfile /home/24SP/24SP_dominguezjs/.npm/_logs/2024-04-26T19_06_15_865Z-debug-0.log
27 timing npm:load:logFile Completed in 7ms
28 timing npm:load:timers Completed in 0ms
29 timing npm:load:configScope Completed in 0ms
30 timing npm:load Completed in 32ms
31 timing arborist:ctor Completed in 1ms
32 silly logfile done cleaning log files
33 timing arborist:ctor Completed in 0ms
34 timing idealTree:init Completed in 11ms
35 http fetch GET 200 https://registry.npmjs.org/npm 161ms
36 http fetch GET 200 https://registry.npmjs.org/types-registry 115ms (cache revalidated)
37 timing idealTree:userRequests Completed in 121ms
38 silly idealTree buildDeps
39 silly fetch manifest types-registry@0.1.684
40 silly placeDep ROOT types-registry@0.1.684 OK for:  want: 0.1.684
41 timing idealTree:#root Completed in 5ms
42 timing idealTree:node_modules/types-registry Completed in 0ms
43 timing idealTree:buildDeps Completed in 5ms
44 timing idealTree:fixDepFlags Completed in 0ms
45 timing idealTree Completed in 138ms
46 timing reify:loadTrees Completed in 139ms
47 timing reify:diffTrees Completed in 1ms
48 silly reify moves {}
49 timing reify:retireShallow Completed in 1ms
50 timing reify:createSparse Completed in 4ms
51 timing reify:loadBundles Completed in 0ms
52 silly audit bulk request { 'types-registry': [ '0.1.684' ] }
53 timing reifyNode:node_modules/types-registry Completed in 29ms
54 timing reify:unpack Completed in 30ms
55 timing reify:unretire Completed in 0ms
56 timing build:queue Completed in 1ms
57 timing build:deps Completed in 1ms
58 timing build Completed in 1ms
59 timing reify:build Completed in 1ms
60 timing reify:trash Completed in 0ms
61 timing reify:save Completed in 4ms
62 http fetch POST 200 https://registry.npmjs.org/-/npm/v1/security/advisories/bulk 77ms
63 timing auditReport:getReport Completed in 78ms
64 silly audit report {}
65 timing auditReport:init Completed in 0ms
66 timing reify:audit Completed in 78ms
67 timing reify Completed in 307ms
68 silly ADD node_modules/types-registry
69 timing command:install Completed in 313ms
70 notice
70 notice New minor version of npm available! 10.5.0 -> 10.6.0
70 notice Changelog: <https://github.com/npm/cli/releases/tag/v10.6.0>
70 notice Run `npm install -g npm@10.6.0` to update!
70 notice
71 verbose exit 0
72 timing npm Completed in 550ms
73 info ok
