2024-05-05 17:17:59.301 [info] Extension host with pid 26684 started
2024-05-05 17:17:59.301 [error] Error: EEXIST: file already exists, open '/home/24SP/24SP_dominguezjs/.vscode-server/data/User/workspaceStorage/62daef8c28339ecf89b7e009d3f55897/vscode.lock'
2024-05-05 17:17:59.305 [info] Lock '/home/24SP/24SP_dominguezjs/.vscode-server/data/User/workspaceStorage/62daef8c28339ecf89b7e009d3f55897/vscode.lock': Could not acquire lock, checking if the file is stale.
2024-05-05 17:17:59.310 [info] Lock '/home/24SP/24SP_dominguezjs/.vscode-server/data/User/workspaceStorage/62daef8c28339ecf89b7e009d3f55897/vscode.lock': The pid 194785 appears to be gone.
2024-05-05 17:17:59.310 [info] Lock '/home/24SP/24SP_dominguezjs/.vscode-server/data/User/workspaceStorage/62daef8c28339ecf89b7e009d3f55897/vscode.lock': Deleting a stale lock.
2024-05-05 17:17:59.327 [info] Lock '/home/24SP/24SP_dominguezjs/.vscode-server/data/User/workspaceStorage/62daef8c28339ecf89b7e009d3f55897/vscode.lock': Lock acquired.
2024-05-05 17:17:59.473 [info] ExtensionService#_doActivateExtension vscode.php-language-features, startup: false, activationEvent: 'onLanguage:php'
2024-05-05 17:17:59.474 [info] ExtensionService#_doActivateExtension vscode.emmet, startup: false, activationEvent: 'onLanguage'
2024-05-05 17:17:59.629 [info] ExtensionService#_doActivateExtension vscode.git-base, startup: true, activationEvent: '*', root cause: vscode.git
2024-05-05 17:17:59.629 [info] ExtensionService#_doActivateExtension HookyQR.beautify, startup: true, activationEvent: '*'
2024-05-05 17:17:59.910 [info] ExtensionService#_doActivateExtension vscode.git, startup: true, activationEvent: '*'
2024-05-05 17:17:59.911 [info] ExtensionService#_doActivateExtension vscode.github, startup: true, activationEvent: '*'
2024-05-05 17:18:00.268 [info] Eager extensions activated
2024-05-05 17:18:00.268 [info] ExtensionService#_doActivateExtension vscode.debug-auto-launch, startup: false, activationEvent: 'onStartupFinished'
2024-05-05 17:18:00.268 [info] ExtensionService#_doActivateExtension vscode.merge-conflict, startup: false, activationEvent: 'onStartupFinished'
2024-05-05 17:18:00.268 [info] ExtensionService#_doActivateExtension esbenp.prettier-vscode, startup: false, activationEvent: 'onStartupFinished'
2024-05-05 18:17:30.676 [info] Extension host terminating: renderer disconnected for too long (2)
2024-05-05 18:17:30.676 [info] Lock '/home/24SP/24SP_dominguezjs/.vscode-server/data/User/workspaceStorage/62daef8c28339ecf89b7e009d3f55897/vscode.lock': Marking the lockfile as scheduled to be released in 6000 ms.
2024-05-05 18:17:30.689 [error] Canceled: Canceled
	at Object.P [as $6] (/home/24SP/24SP_dominguezjs/.vscode-server/cli/servers/Stable-b58957e67ee1e712cebf466b995adf4c5307b2bd/server/out/vs/workbench/api/node/extensionHostProcess.js:10:967)
	at /home/24SP/24SP_dominguezjs/.vscode-server/cli/servers/Stable-b58957e67ee1e712cebf466b995adf4c5307b2bd/server/out/vs/workbench/api/node/extensionHostProcess.js:152:2335
	at Array.forEach (<anonymous>)
	at c.dispose (/home/24SP/24SP_dominguezjs/.vscode-server/cli/servers/Stable-b58957e67ee1e712cebf466b995adf4c5307b2bd/server/out/vs/workbench/api/node/extensionHostProcess.js:152:2273)
	at f.terminate (/home/24SP/24SP_dominguezjs/.vscode-server/cli/servers/Stable-b58957e67ee1e712cebf466b995adf4c5307b2bd/server/out/vs/workbench/api/node/extensionHostProcess.js:161:8061)
	at a.terminate (/home/24SP/24SP_dominguezjs/.vscode-server/cli/servers/Stable-b58957e67ee1e712cebf466b995adf4c5307b2bd/server/out/vs/workbench/api/node/extensionHostProcess.js:165:1513)
	at t (/home/24SP/24SP_dominguezjs/.vscode-server/cli/servers/Stable-b58957e67ee1e712cebf466b995adf4c5307b2bd/server/out/vs/workbench/api/node/extensionHostProcess.js:178:9922)
	at T.a (/home/24SP/24SP_dominguezjs/.vscode-server/cli/servers/Stable-b58957e67ee1e712cebf466b995adf4c5307b2bd/server/out/vs/workbench/api/node/extensionHostProcess.js:178:6715)
	at T.h (/home/24SP/24SP_dominguezjs/.vscode-server/cli/servers/Stable-b58957e67ee1e712cebf466b995adf4c5307b2bd/server/out/vs/workbench/api/node/extensionHostProcess.js:99:20709)
	at listOnTimeout (node:internal/timers:569:17)
	at process.processTimers (node:internal/timers:512:7) setContext undefined
2024-05-05 18:17:30.689 [error] Canceled: Canceled
	at Object.P [as $6] (/home/24SP/24SP_dominguezjs/.vscode-server/cli/servers/Stable-b58957e67ee1e712cebf466b995adf4c5307b2bd/server/out/vs/workbench/api/node/extensionHostProcess.js:10:967)
	at /home/24SP/24SP_dominguezjs/.vscode-server/cli/servers/Stable-b58957e67ee1e712cebf466b995adf4c5307b2bd/server/out/vs/workbench/api/node/extensionHostProcess.js:152:2335
	at Array.forEach (<anonymous>)
	at c.dispose (/home/24SP/24SP_dominguezjs/.vscode-server/cli/servers/Stable-b58957e67ee1e712cebf466b995adf4c5307b2bd/server/out/vs/workbench/api/node/extensionHostProcess.js:152:2273)
	at f.terminate (/home/24SP/24SP_dominguezjs/.vscode-server/cli/servers/Stable-b58957e67ee1e712cebf466b995adf4c5307b2bd/server/out/vs/workbench/api/node/extensionHostProcess.js:161:8061)
	at a.terminate (/home/24SP/24SP_dominguezjs/.vscode-server/cli/servers/Stable-b58957e67ee1e712cebf466b995adf4c5307b2bd/server/out/vs/workbench/api/node/extensionHostProcess.js:165:1513)
	at t (/home/24SP/24SP_dominguezjs/.vscode-server/cli/servers/Stable-b58957e67ee1e712cebf466b995adf4c5307b2bd/server/out/vs/workbench/api/node/extensionHostProcess.js:178:9922)
	at T.a (/home/24SP/24SP_dominguezjs/.vscode-server/cli/servers/Stable-b58957e67ee1e712cebf466b995adf4c5307b2bd/server/out/vs/workbench/api/node/extensionHostProcess.js:178:6715)
	at T.h (/home/24SP/24SP_dominguezjs/.vscode-server/cli/servers/Stable-b58957e67ee1e712cebf466b995adf4c5307b2bd/server/out/vs/workbench/api/node/extensionHostProcess.js:99:20709)
	at listOnTimeout (node:internal/timers:569:17)
	at process.processTimers (node:internal/timers:512:7) setContext undefined
2024-05-05 18:17:30.689 [error] Canceled: Canceled
	at Object.P [as $6] (/home/24SP/24SP_dominguezjs/.vscode-server/cli/servers/Stable-b58957e67ee1e712cebf466b995adf4c5307b2bd/server/out/vs/workbench/api/node/extensionHostProcess.js:10:967)
	at /home/24SP/24SP_dominguezjs/.vscode-server/cli/servers/Stable-b58957e67ee1e712cebf466b995adf4c5307b2bd/server/out/vs/workbench/api/node/extensionHostProcess.js:152:2335
	at Array.forEach (<anonymous>)
	at c.dispose (/home/24SP/24SP_dominguezjs/.vscode-server/cli/servers/Stable-b58957e67ee1e712cebf466b995adf4c5307b2bd/server/out/vs/workbench/api/node/extensionHostProcess.js:152:2273)
	at f.terminate (/home/24SP/24SP_dominguezjs/.vscode-server/cli/servers/Stable-b58957e67ee1e712cebf466b995adf4c5307b2bd/server/out/vs/workbench/api/node/extensionHostProcess.js:161:8061)
	at a.terminate (/home/24SP/24SP_dominguezjs/.vscode-server/cli/servers/Stable-b58957e67ee1e712cebf466b995adf4c5307b2bd/server/out/vs/workbench/api/node/extensionHostProcess.js:165:1513)
	at t (/home/24SP/24SP_dominguezjs/.vscode-server/cli/servers/Stable-b58957e67ee1e712cebf466b995adf4c5307b2bd/server/out/vs/workbench/api/node/extensionHostProcess.js:178:9922)
	at T.a (/home/24SP/24SP_dominguezjs/.vscode-server/cli/servers/Stable-b58957e67ee1e712cebf466b995adf4c5307b2bd/server/out/vs/workbench/api/node/extensionHostProcess.js:178:6715)
	at T.h (/home/24SP/24SP_dominguezjs/.vscode-server/cli/servers/Stable-b58957e67ee1e712cebf466b995adf4c5307b2bd/server/out/vs/workbench/api/node/extensionHostProcess.js:99:20709)
	at listOnTimeout (node:internal/timers:569:17)
	at process.processTimers (node:internal/timers:512:7) setContext undefined
2024-05-05 18:17:30.690 [info] Extension host with pid 26684 exiting with code 0
