2024-05-04 16:34:12.424 [info] Log level: Info
2024-05-04 16:34:12.424 [info] Validating found git in: "git"
2024-05-04 16:34:12.424 [info] Using git "2.39.3" from "git"
2024-05-04 16:34:12.424 [info] > git rev-parse --show-toplevel [3ms]
2024-05-04 16:34:12.424 [info] fatal: not a git repository (or any of the parent directories): .git
2024-05-04 16:34:12.424 [info] > git rev-parse --show-toplevel [2ms]
2024-05-04 16:34:12.424 [info] fatal: not a git repository (or any of the parent directories): .git
2024-05-04 16:34:12.424 [info] > git rev-parse --show-toplevel [1ms]
2024-05-04 16:34:12.424 [info] fatal: not a git repository (or any of the parent directories): .git
2024-05-04 16:34:12.424 [info] > git rev-parse --show-toplevel [5ms]
2024-05-04 16:34:12.424 [info] fatal: not a git repository (or any of the parent directories): .git
2024-05-04 16:34:12.425 [info] > git rev-parse --show-toplevel [2ms]
2024-05-04 16:34:12.425 [info] fatal: not a git repository (or any of the parent directories): .git
2024-05-04 16:34:12.430 [info] > git rev-parse --show-toplevel [2ms]
2024-05-04 16:34:12.430 [info] fatal: not a git repository (or any of the parent directories): .git
2024-05-04 16:34:12.434 [info] > git rev-parse --show-toplevel [2ms]
2024-05-04 16:34:12.434 [info] fatal: not a git repository (or any of the parent directories): .git
2024-05-04 16:34:12.438 [info] > git rev-parse --show-toplevel [1ms]
2024-05-04 16:34:12.438 [info] fatal: not a git repository (or any of the parent directories): .git
2024-05-04 16:34:34.915 [info] > git rev-parse --show-toplevel [5ms]
2024-05-04 16:34:34.915 [info] fatal: not a git repository (or any of the parent directories): .git
2024-05-04 16:34:37.234 [info] > git rev-parse --show-toplevel [2ms]
2024-05-04 16:34:37.234 [info] fatal: not a git repository (or any of the parent directories): .git
2024-05-04 16:36:32.269 [info] > git rev-parse --show-toplevel [6ms]
2024-05-04 16:36:32.270 [info] fatal: not a git repository (or any of the parent directories): .git
2024-05-04 16:36:32.699 [info] > git rev-parse --show-toplevel [3ms]
2024-05-04 16:36:32.699 [info] fatal: not a git repository (or any of the parent directories): .git
2024-05-04 16:36:33.504 [info] > git rev-parse --show-toplevel [2ms]
2024-05-04 16:36:33.504 [info] fatal: not a git repository (or any of the parent directories): .git
2024-05-04 16:37:02.144 [info] > git rev-parse --show-toplevel [2ms]
2024-05-04 16:37:02.144 [info] fatal: not a git repository (or any of the parent directories): .git
2024-05-04 16:38:15.219 [info] > git rev-parse --show-toplevel [5ms]
2024-05-04 16:38:15.219 [info] fatal: not a git repository (or any of the parent directories): .git
2024-05-04 16:38:15.857 [info] > git rev-parse --show-toplevel [2ms]
2024-05-04 16:38:15.857 [info] fatal: not a git repository (or any of the parent directories): .git
2024-05-04 16:38:17.663 [info] > git rev-parse --show-toplevel [3ms]
2024-05-04 16:38:17.663 [info] fatal: not a git repository (or any of the parent directories): .git
2024-05-04 16:38:19.376 [info] > git rev-parse --show-toplevel [2ms]
2024-05-04 16:38:19.376 [info] fatal: not a git repository (or any of the parent directories): .git
2024-05-04 16:38:22.605 [info] > git rev-parse --show-toplevel [2ms]
2024-05-04 16:38:22.605 [info] fatal: not a git repository (or any of the parent directories): .git
2024-05-04 16:38:23.213 [info] > git rev-parse --show-toplevel [2ms]
2024-05-04 16:38:23.213 [info] fatal: not a git repository (or any of the parent directories): .git
2024-05-04 16:38:28.091 [info] > git rev-parse --show-toplevel [2ms]
2024-05-04 16:38:28.091 [info] fatal: not a git repository (or any of the parent directories): .git
2024-05-04 16:38:36.528 [info] > git rev-parse --show-toplevel [2ms]
2024-05-04 16:38:36.528 [info] fatal: not a git repository (or any of the parent directories): .git
2024-05-04 16:38:47.055 [info] > git rev-parse --show-toplevel [2ms]
2024-05-04 16:38:47.055 [info] fatal: not a git repository (or any of the parent directories): .git
2024-05-04 16:41:15.969 [info] > git rev-parse --show-toplevel [2ms]
2024-05-04 16:41:15.969 [info] fatal: not a git repository (or any of the parent directories): .git
2024-05-04 16:41:25.016 [info] > git rev-parse --show-toplevel [2ms]
2024-05-04 16:41:25.016 [info] fatal: not a git repository (or any of the parent directories): .git
2024-05-04 16:41:34.484 [info] > git rev-parse --show-toplevel [2ms]
2024-05-04 16:41:34.484 [info] fatal: not a git repository (or any of the parent directories): .git
2024-05-04 16:41:41.413 [info] > git rev-parse --show-toplevel [3ms]
2024-05-04 16:41:41.413 [info] fatal: not a git repository (or any of the parent directories): .git
2024-05-04 16:42:09.830 [info] > git rev-parse --show-toplevel [2ms]
2024-05-04 16:42:09.830 [info] fatal: not a git repository (or any of the parent directories): .git
