2024-05-05 18:15:38.732 [info] Log level: Info
2024-05-05 18:15:38.732 [info] Validating found git in: "git"
2024-05-05 18:15:38.732 [info] Using git "2.39.3" from "git"
2024-05-05 18:15:38.732 [info] > git rev-parse --show-toplevel [4ms]
2024-05-05 18:15:38.732 [info] fatal: not a git repository (or any of the parent directories): .git
2024-05-05 18:15:38.732 [info] > git rev-parse --show-toplevel [3ms]
2024-05-05 18:15:38.732 [info] fatal: not a git repository (or any of the parent directories): .git
2024-05-05 18:15:38.745 [info] > git rev-parse --show-toplevel [3ms]
2024-05-05 18:15:38.745 [info] fatal: not a git repository (or any of the parent directories): .git
2024-05-05 18:15:38.757 [info] > git rev-parse --show-toplevel [2ms]
2024-05-05 18:15:38.757 [info] fatal: not a git repository (or any of the parent directories): .git
2024-05-05 18:15:38.769 [info] > git rev-parse --show-toplevel [1ms]
2024-05-05 18:15:38.769 [info] fatal: not a git repository (or any of the parent directories): .git
2024-05-05 18:15:38.780 [info] > git rev-parse --show-toplevel [2ms]
2024-05-05 18:15:38.780 [info] fatal: not a git repository (or any of the parent directories): .git
2024-05-05 18:15:38.792 [info] > git rev-parse --show-toplevel [1ms]
2024-05-05 18:15:38.792 [info] fatal: not a git repository (or any of the parent directories): .git
2024-05-05 18:15:38.803 [info] > git rev-parse --show-toplevel [1ms]
2024-05-05 18:15:38.803 [info] fatal: not a git repository (or any of the parent directories): .git
2024-05-05 18:15:59.685 [info] > git rev-parse --show-toplevel [2ms]
2024-05-05 18:15:59.685 [info] fatal: not a git repository (or any of the parent directories): .git
2024-05-05 18:16:27.624 [info] > git rev-parse --show-toplevel [3ms]
2024-05-05 18:16:27.624 [info] fatal: not a git repository (or any of the parent directories): .git
2024-05-05 18:16:33.430 [info] > git rev-parse --show-toplevel [1ms]
2024-05-05 18:16:33.430 [info] fatal: not a git repository (or any of the parent directories): .git
2024-05-05 18:16:50.974 [info] > git rev-parse --show-toplevel [1ms]
2024-05-05 18:16:50.974 [info] fatal: not a git repository (or any of the parent directories): .git
2024-05-05 18:17:29.396 [info] > git rev-parse --show-toplevel [1ms]
2024-05-05 18:17:29.396 [info] fatal: not a git repository (or any of the parent directories): .git
2024-05-05 18:17:36.877 [info] > git rev-parse --show-toplevel [1ms]
2024-05-05 18:17:36.877 [info] fatal: not a git repository (or any of the parent directories): .git
2024-05-05 18:17:41.008 [info] > git rev-parse --show-toplevel [3ms]
2024-05-05 18:17:41.008 [info] fatal: not a git repository (or any of the parent directories): .git
2024-05-05 18:17:46.534 [info] > git rev-parse --show-toplevel [1ms]
2024-05-05 18:17:46.535 [info] fatal: not a git repository (or any of the parent directories): .git
2024-05-05 18:17:49.809 [info] > git rev-parse --show-toplevel [2ms]
2024-05-05 18:17:49.809 [info] fatal: not a git repository (or any of the parent directories): .git
2024-05-05 18:17:51.607 [info] > git rev-parse --show-toplevel [3ms]
2024-05-05 18:17:51.607 [info] fatal: not a git repository (or any of the parent directories): .git
2024-05-05 18:17:55.263 [info] > git rev-parse --show-toplevel [2ms]
2024-05-05 18:17:55.263 [info] fatal: not a git repository (or any of the parent directories): .git
2024-05-05 18:18:10.640 [info] > git rev-parse --show-toplevel [3ms]
2024-05-05 18:18:10.640 [info] fatal: not a git repository (or any of the parent directories): .git
2024-05-05 18:18:12.066 [info] > git rev-parse --show-toplevel [2ms]
2024-05-05 18:18:12.066 [info] fatal: not a git repository (or any of the parent directories): .git
2024-05-05 18:18:12.533 [info] > git rev-parse --show-toplevel [2ms]
2024-05-05 18:18:12.533 [info] fatal: not a git repository (or any of the parent directories): .git
2024-05-05 18:18:12.838 [info] > git rev-parse --show-toplevel [2ms]
2024-05-05 18:18:12.838 [info] fatal: not a git repository (or any of the parent directories): .git
2024-05-05 18:18:13.276 [info] > git rev-parse --show-toplevel [2ms]
2024-05-05 18:18:13.276 [info] fatal: not a git repository (or any of the parent directories): .git
2024-05-05 18:18:13.687 [info] > git rev-parse --show-toplevel [1ms]
2024-05-05 18:18:13.687 [info] fatal: not a git repository (or any of the parent directories): .git
2024-05-05 18:18:21.230 [info] > git rev-parse --show-toplevel [1ms]
2024-05-05 18:18:21.231 [info] fatal: not a git repository (or any of the parent directories): .git
2024-05-05 18:18:23.024 [info] > git rev-parse --show-toplevel [2ms]
2024-05-05 18:18:23.024 [info] fatal: not a git repository (or any of the parent directories): .git
2024-05-05 18:19:11.650 [info] > git rev-parse --show-toplevel [2ms]
2024-05-05 18:19:11.650 [info] fatal: not a git repository (or any of the parent directories): .git
2024-05-05 18:20:05.883 [info] > git rev-parse --show-toplevel [2ms]
2024-05-05 18:20:05.883 [info] fatal: not a git repository (or any of the parent directories): .git
2024-05-05 18:20:13.700 [info] > git rev-parse --show-toplevel [2ms]
2024-05-05 18:20:13.701 [info] fatal: not a git repository (or any of the parent directories): .git
2024-05-05 18:20:17.573 [info] > git rev-parse --show-toplevel [2ms]
2024-05-05 18:20:17.573 [info] fatal: not a git repository (or any of the parent directories): .git
2024-05-05 18:20:20.738 [info] > git rev-parse --show-toplevel [2ms]
2024-05-05 18:20:20.738 [info] fatal: not a git repository (or any of the parent directories): .git
2024-05-05 18:20:23.628 [info] > git rev-parse --show-toplevel [2ms]
2024-05-05 18:20:23.628 [info] fatal: not a git repository (or any of the parent directories): .git
2024-05-05 18:20:27.879 [info] > git rev-parse --show-toplevel [2ms]
2024-05-05 18:20:27.879 [info] fatal: not a git repository (or any of the parent directories): .git
2024-05-05 18:20:31.277 [info] > git rev-parse --show-toplevel [2ms]
2024-05-05 18:20:31.277 [info] fatal: not a git repository (or any of the parent directories): .git
2024-05-05 18:20:43.511 [info] > git rev-parse --show-toplevel [1ms]
2024-05-05 18:20:43.511 [info] fatal: not a git repository (or any of the parent directories): .git
2024-05-05 18:20:57.589 [info] > git rev-parse --show-toplevel [1ms]
2024-05-05 18:20:57.589 [info] fatal: not a git repository (or any of the parent directories): .git
2024-05-05 18:22:18.834 [info] > git rev-parse --show-toplevel [1ms]
2024-05-05 18:22:18.834 [info] fatal: not a git repository (or any of the parent directories): .git
2024-05-05 18:22:23.817 [info] > git rev-parse --show-toplevel [2ms]
2024-05-05 18:22:23.817 [info] fatal: not a git repository (or any of the parent directories): .git
2024-05-05 18:22:36.568 [info] > git rev-parse --show-toplevel [2ms]
2024-05-05 18:22:36.568 [info] fatal: not a git repository (or any of the parent directories): .git
2024-05-05 18:22:38.291 [info] > git rev-parse --show-toplevel [1ms]
2024-05-05 18:22:38.291 [info] fatal: not a git repository (or any of the parent directories): .git
2024-05-05 18:22:39.487 [info] > git rev-parse --show-toplevel [2ms]
2024-05-05 18:22:39.487 [info] fatal: not a git repository (or any of the parent directories): .git
2024-05-05 18:22:41.044 [info] > git rev-parse --show-toplevel [1ms]
2024-05-05 18:22:41.044 [info] fatal: not a git repository (or any of the parent directories): .git
2024-05-05 18:22:45.346 [info] > git rev-parse --show-toplevel [3ms]
2024-05-05 18:22:45.346 [info] fatal: not a git repository (or any of the parent directories): .git
2024-05-05 18:22:46.068 [info] > git rev-parse --show-toplevel [2ms]
2024-05-05 18:22:46.068 [info] fatal: not a git repository (or any of the parent directories): .git
2024-05-05 18:22:46.779 [info] > git rev-parse --show-toplevel [2ms]
2024-05-05 18:22:46.779 [info] fatal: not a git repository (or any of the parent directories): .git
2024-05-05 18:22:47.879 [info] > git rev-parse --show-toplevel [2ms]
2024-05-05 18:22:47.879 [info] fatal: not a git repository (or any of the parent directories): .git
2024-05-05 18:22:49.183 [info] > git rev-parse --show-toplevel [1ms]
2024-05-05 18:22:49.184 [info] fatal: not a git repository (or any of the parent directories): .git
2024-05-05 18:22:50.125 [info] > git rev-parse --show-toplevel [1ms]
2024-05-05 18:22:50.126 [info] fatal: not a git repository (or any of the parent directories): .git
2024-05-05 18:22:57.852 [info] > git rev-parse --show-toplevel [1ms]
2024-05-05 18:22:57.853 [info] fatal: not a git repository (or any of the parent directories): .git
2024-05-05 18:23:02.939 [info] > git rev-parse --show-toplevel [3ms]
2024-05-05 18:23:02.939 [info] fatal: not a git repository (or any of the parent directories): .git
2024-05-05 18:23:07.259 [info] > git rev-parse --show-toplevel [2ms]
2024-05-05 18:23:07.260 [info] fatal: not a git repository (or any of the parent directories): .git
2024-05-05 18:23:08.112 [info] > git rev-parse --show-toplevel [2ms]
2024-05-05 18:23:08.112 [info] fatal: not a git repository (or any of the parent directories): .git
2024-05-05 18:23:11.654 [info] > git rev-parse --show-toplevel [1ms]
2024-05-05 18:23:11.654 [info] fatal: not a git repository (or any of the parent directories): .git
2024-05-05 18:23:15.895 [info] > git rev-parse --show-toplevel [2ms]
2024-05-05 18:23:15.895 [info] fatal: not a git repository (or any of the parent directories): .git
2024-05-05 18:23:30.382 [info] > git rev-parse --show-toplevel [3ms]
2024-05-05 18:23:30.382 [info] fatal: not a git repository (or any of the parent directories): .git
2024-05-05 18:23:32.336 [info] > git rev-parse --show-toplevel [2ms]
2024-05-05 18:23:32.336 [info] fatal: not a git repository (or any of the parent directories): .git
2024-05-05 18:23:33.404 [info] > git rev-parse --show-toplevel [2ms]
2024-05-05 18:23:33.404 [info] fatal: not a git repository (or any of the parent directories): .git
2024-05-05 18:23:34.287 [info] > git rev-parse --show-toplevel [2ms]
2024-05-05 18:23:34.287 [info] fatal: not a git repository (or any of the parent directories): .git
2024-05-05 18:23:35.350 [info] > git rev-parse --show-toplevel [1ms]
2024-05-05 18:23:35.350 [info] fatal: not a git repository (or any of the parent directories): .git
2024-05-05 18:23:36.089 [info] > git rev-parse --show-toplevel [2ms]
2024-05-05 18:23:36.089 [info] fatal: not a git repository (or any of the parent directories): .git
2024-05-05 18:23:37.300 [info] > git rev-parse --show-toplevel [0ms]
2024-05-05 18:23:37.301 [info] fatal: not a git repository (or any of the parent directories): .git
2024-05-05 18:24:21.209 [info] > git rev-parse --show-toplevel [2ms]
2024-05-05 18:24:21.209 [info] fatal: not a git repository (or any of the parent directories): .git
2024-05-05 18:27:50.664 [info] > git rev-parse --show-toplevel [2ms]
2024-05-05 18:27:50.664 [info] fatal: not a git repository (or any of the parent directories): .git
2024-05-05 18:28:06.378 [info] > git rev-parse --show-toplevel [2ms]
2024-05-05 18:28:06.378 [info] fatal: not a git repository (or any of the parent directories): .git
2024-05-05 18:28:28.037 [info] > git rev-parse --show-toplevel [1ms]
2024-05-05 18:28:28.037 [info] fatal: not a git repository (or any of the parent directories): .git
2024-05-05 18:28:37.575 [info] > git rev-parse --show-toplevel [1ms]
2024-05-05 18:28:37.575 [info] fatal: not a git repository (or any of the parent directories): .git
2024-05-05 18:28:41.325 [info] > git rev-parse --show-toplevel [3ms]
2024-05-05 18:28:41.325 [info] fatal: not a git repository (or any of the parent directories): .git
2024-05-05 18:29:02.431 [info] > git rev-parse --show-toplevel [3ms]
2024-05-05 18:29:02.431 [info] fatal: not a git repository (or any of the parent directories): .git
2024-05-05 18:30:55.441 [info] > git rev-parse --show-toplevel [3ms]
2024-05-05 18:30:55.441 [info] fatal: not a git repository (or any of the parent directories): .git
2024-05-05 18:34:21.288 [info] > git rev-parse --show-toplevel [1ms]
2024-05-05 18:34:21.288 [info] fatal: not a git repository (or any of the parent directories): .git
2024-05-05 18:36:10.153 [info] > git rev-parse --show-toplevel [1ms]
2024-05-05 18:36:10.153 [info] fatal: not a git repository (or any of the parent directories): .git
2024-05-05 18:38:43.327 [info] > git rev-parse --show-toplevel [2ms]
2024-05-05 18:38:43.327 [info] fatal: not a git repository (or any of the parent directories): .git
2024-05-05 18:40:40.471 [info] > git rev-parse --show-toplevel [2ms]
2024-05-05 18:40:40.471 [info] fatal: not a git repository (or any of the parent directories): .git
2024-05-05 18:41:14.641 [info] > git rev-parse --show-toplevel [3ms]
2024-05-05 18:41:14.641 [info] fatal: not a git repository (or any of the parent directories): .git
2024-05-05 18:41:20.457 [info] > git rev-parse --show-toplevel [4ms]
2024-05-05 18:41:20.457 [info] fatal: not a git repository (or any of the parent directories): .git
2024-05-05 18:41:23.526 [info] > git rev-parse --show-toplevel [2ms]
2024-05-05 18:41:23.526 [info] fatal: not a git repository (or any of the parent directories): .git
2024-05-05 18:41:25.658 [info] > git rev-parse --show-toplevel [2ms]
2024-05-05 18:41:25.658 [info] fatal: not a git repository (or any of the parent directories): .git
2024-05-05 18:41:30.423 [info] > git rev-parse --show-toplevel [1ms]
2024-05-05 18:41:30.424 [info] fatal: not a git repository (or any of the parent directories): .git
2024-05-05 18:41:32.131 [info] > git rev-parse --show-toplevel [2ms]
2024-05-05 18:41:32.132 [info] fatal: not a git repository (or any of the parent directories): .git
2024-05-05 18:41:35.020 [info] > git rev-parse --show-toplevel [2ms]
2024-05-05 18:41:35.020 [info] fatal: not a git repository (or any of the parent directories): .git
2024-05-05 18:41:35.320 [info] > git rev-parse --show-toplevel [5ms]
2024-05-05 18:41:35.320 [info] fatal: not a git repository (or any of the parent directories): .git
2024-05-05 18:41:43.415 [info] > git rev-parse --show-toplevel [0ms]
2024-05-05 18:41:43.416 [info] fatal: not a git repository (or any of the parent directories): .git
2024-05-05 18:41:44.845 [info] > git rev-parse --show-toplevel [2ms]
2024-05-05 18:41:44.845 [info] fatal: not a git repository (or any of the parent directories): .git
2024-05-05 18:41:52.586 [info] > git rev-parse --show-toplevel [4ms]
2024-05-05 18:41:52.586 [info] fatal: not a git repository (or any of the parent directories): .git
2024-05-05 18:41:55.878 [info] > git rev-parse --show-toplevel [1ms]
2024-05-05 18:41:55.879 [info] fatal: not a git repository (or any of the parent directories): .git
2024-05-05 18:42:02.038 [info] > git rev-parse --show-toplevel [2ms]
2024-05-05 18:42:02.038 [info] fatal: not a git repository (or any of the parent directories): .git
2024-05-05 18:42:11.673 [info] > git rev-parse --show-toplevel [1ms]
2024-05-05 18:42:11.673 [info] fatal: not a git repository (or any of the parent directories): .git
2024-05-05 18:50:31.496 [info] > git rev-parse --show-toplevel [2ms]
2024-05-05 18:50:31.497 [info] fatal: not a git repository (or any of the parent directories): .git
