2024-05-05 23:18:41.929 [info] Extension host with pid 202548 started
2024-05-05 23:18:41.960 [info] Lock '/home/24SP/24SP_dominguezjs/.vscode-server/data/User/workspaceStorage/62daef8c28339ecf89b7e009d3f55897/vscode.lock': Lock acquired.
2024-05-05 23:18:42.019 [info] ExtensionService#_doActivateExtension vscode.emmet, startup: false, activationEvent: 'onLanguage'
2024-05-05 23:18:42.319 [info] ExtensionService#_doActivateExtension vscode.git-base, startup: true, activationEvent: '*', root cause: vscode.git
2024-05-05 23:18:42.320 [info] ExtensionService#_doActivateExtension HookyQR.beautify, startup: true, activationEvent: '*'
2024-05-05 23:18:42.584 [info] ExtensionService#_doActivateExtension vscode.git, startup: true, activationEvent: '*'
2024-05-05 23:18:42.585 [info] ExtensionService#_doActivateExtension vscode.github, startup: true, activationEvent: '*'
2024-05-05 23:18:42.966 [info] Eager extensions activated
2024-05-05 23:18:42.966 [info] ExtensionService#_doActivateExtension vscode.debug-auto-launch, startup: false, activationEvent: 'onStartupFinished'
2024-05-05 23:18:42.967 [info] ExtensionService#_doActivateExtension vscode.merge-conflict, startup: false, activationEvent: 'onStartupFinished'
2024-05-05 23:18:42.967 [info] ExtensionService#_doActivateExtension esbenp.prettier-vscode, startup: false, activationEvent: 'onStartupFinished'
2024-05-05 23:18:46.401 [info] ExtensionService#_doActivateExtension vscode.php-language-features, startup: false, activationEvent: 'onLanguage:php'
2024-05-07 15:28:00.682 [warning] [Decorations] CAPPING events from decorations provider vscode.git 5494
2024-05-07 15:28:01.419 [warning] [Decorations] CAPPING events from decorations provider vscode.git 5494
2024-05-07 15:28:52.384 [warning] [Decorations] CAPPING events from decorations provider vscode.git 5494
2024-05-07 15:28:57.524 [warning] [Decorations] CAPPING events from decorations provider vscode.git 5494
2024-05-07 15:29:04.415 [warning] [Decorations] CAPPING events from decorations provider vscode.git 5494
2024-05-07 15:29:10.697 [warning] [Decorations] CAPPING events from decorations provider vscode.git 5494
2024-05-07 15:29:16.957 [warning] [Decorations] CAPPING events from decorations provider vscode.git 5494
2024-05-07 15:29:22.541 [warning] [Decorations] CAPPING events from decorations provider vscode.git 5494
2024-05-07 15:29:27.665 [warning] [Decorations] CAPPING events from decorations provider vscode.git 5494
2024-05-07 15:29:32.789 [warning] [Decorations] CAPPING events from decorations provider vscode.git 5494
2024-05-07 15:29:37.921 [warning] [Decorations] CAPPING events from decorations provider vscode.git 5494
