2024-05-05 18:15:32.589 [info] Extension host with pid 53090 started
2024-05-05 18:15:32.589 [error] Error: EEXIST: file already exists, open '/home/24SP/24SP_dominguezjs/.vscode-server/data/User/workspaceStorage/62daef8c28339ecf89b7e009d3f55897/vscode.lock'
2024-05-05 18:15:32.592 [info] Lock '/home/24SP/24SP_dominguezjs/.vscode-server/data/User/workspaceStorage/62daef8c28339ecf89b7e009d3f55897/vscode.lock': Could not acquire lock, checking if the file is stale.
2024-05-05 18:15:32.599 [info] Lock '/home/24SP/24SP_dominguezjs/.vscode-server/data/User/workspaceStorage/62daef8c28339ecf89b7e009d3f55897/vscode.lock': The lock does not look stale, elapsed: 308 ms, giving up.
2024-05-05 18:15:32.600 [error] Error: EEXIST: file already exists, open '/home/24SP/24SP_dominguezjs/.vscode-server/data/User/workspaceStorage/62daef8c28339ecf89b7e009d3f55897-1/vscode.lock'
2024-05-05 18:15:32.600 [info] Lock '/home/24SP/24SP_dominguezjs/.vscode-server/data/User/workspaceStorage/62daef8c28339ecf89b7e009d3f55897-1/vscode.lock': Could not acquire lock, checking if the file is stale.
2024-05-05 18:15:32.601 [info] Lock '/home/24SP/24SP_dominguezjs/.vscode-server/data/User/workspaceStorage/62daef8c28339ecf89b7e009d3f55897-1/vscode.lock': The lock does not look stale, elapsed: 19 ms, giving up.
2024-05-05 18:15:32.604 [info] Lock '/home/24SP/24SP_dominguezjs/.vscode-server/data/User/workspaceStorage/62daef8c28339ecf89b7e009d3f55897-2/vscode.lock': Lock acquired.
2024-05-05 18:15:34.050 [info] ExtensionService#_doActivateExtension vscode.emmet, startup: false, activationEvent: 'onLanguage'
2024-05-05 18:15:34.051 [info] ExtensionService#_doActivateExtension vscode.php-language-features, startup: false, activationEvent: 'onLanguage:php'
2024-05-05 18:15:35.052 [info] ExtensionService#_doActivateExtension vscode.git-base, startup: true, activationEvent: '*', root cause: vscode.git
2024-05-05 18:15:35.053 [info] ExtensionService#_doActivateExtension HookyQR.beautify, startup: true, activationEvent: '*'
2024-05-05 18:15:38.349 [info] ExtensionService#_doActivateExtension vscode.git, startup: true, activationEvent: '*'
2024-05-05 18:15:38.349 [info] ExtensionService#_doActivateExtension vscode.github, startup: true, activationEvent: '*'
2024-05-05 18:15:38.592 [info] Eager extensions activated
2024-05-05 18:15:38.592 [info] ExtensionService#_doActivateExtension vscode.debug-auto-launch, startup: false, activationEvent: 'onStartupFinished'
2024-05-05 18:15:38.592 [info] ExtensionService#_doActivateExtension vscode.merge-conflict, startup: false, activationEvent: 'onStartupFinished'
2024-05-05 18:15:38.592 [info] ExtensionService#_doActivateExtension esbenp.prettier-vscode, startup: false, activationEvent: 'onStartupFinished'
2024-05-05 19:26:03.898 [info] Extension host terminating: renderer disconnected for too long (2)
2024-05-05 19:26:03.906 [info] Lock '/home/24SP/24SP_dominguezjs/.vscode-server/data/User/workspaceStorage/62daef8c28339ecf89b7e009d3f55897-2/vscode.lock': Marking the lockfile as scheduled to be released in 6000 ms.
2024-05-05 19:26:03.947 [info] Extension host with pid 53090 exiting with code 0
