2024-05-05 18:23:59.181 [info] Extension host with pid 56911 started
2024-05-05 18:23:59.181 [error] Error: EEXIST: file already exists, open '/home/24SP/24SP_dominguezjs/.vscode-server/data/User/workspaceStorage/38ee5042f4ed346528e7cc520126a2e3/vscode.lock'
2024-05-05 18:23:59.185 [info] Lock '/home/24SP/24SP_dominguezjs/.vscode-server/data/User/workspaceStorage/38ee5042f4ed346528e7cc520126a2e3/vscode.lock': Could not acquire lock, checking if the file is stale.
2024-05-05 18:23:59.193 [info] Lock '/home/24SP/24SP_dominguezjs/.vscode-server/data/User/workspaceStorage/38ee5042f4ed346528e7cc520126a2e3/vscode.lock': The lock does not look stale, elapsed: 107 ms, giving up.
2024-05-05 18:23:59.193 [error] Error: EEXIST: file already exists, open '/home/24SP/24SP_dominguezjs/.vscode-server/data/User/workspaceStorage/38ee5042f4ed346528e7cc520126a2e3-1/vscode.lock'
2024-05-05 18:23:59.194 [info] Lock '/home/24SP/24SP_dominguezjs/.vscode-server/data/User/workspaceStorage/38ee5042f4ed346528e7cc520126a2e3-1/vscode.lock': Could not acquire lock, checking if the file is stale.
2024-05-05 18:23:59.195 [info] Lock '/home/24SP/24SP_dominguezjs/.vscode-server/data/User/workspaceStorage/38ee5042f4ed346528e7cc520126a2e3-1/vscode.lock': The lock does not look stale, elapsed: 670 ms, giving up.
2024-05-05 18:23:59.206 [info] Lock '/home/24SP/24SP_dominguezjs/.vscode-server/data/User/workspaceStorage/38ee5042f4ed346528e7cc520126a2e3-2/vscode.lock': Lock acquired.
2024-05-05 18:23:59.506 [info] ExtensionService#_doActivateExtension vscode.emmet, startup: false, activationEvent: 'onLanguage'
2024-05-05 18:23:59.507 [info] ExtensionService#_doActivateExtension vscode.php-language-features, startup: false, activationEvent: 'onLanguage:php'
2024-05-05 18:23:59.744 [info] ExtensionService#_doActivateExtension vscode.git-base, startup: true, activationEvent: '*', root cause: vscode.git
2024-05-05 18:23:59.744 [info] ExtensionService#_doActivateExtension HookyQR.beautify, startup: true, activationEvent: '*'
2024-05-05 18:23:59.996 [info] ExtensionService#_doActivateExtension vscode.git, startup: true, activationEvent: '*'
2024-05-05 18:23:59.996 [info] ExtensionService#_doActivateExtension vscode.github, startup: true, activationEvent: '*'
2024-05-05 18:24:00.294 [info] Eager extensions activated
2024-05-05 18:24:00.295 [info] ExtensionService#_doActivateExtension vscode.debug-auto-launch, startup: false, activationEvent: 'onStartupFinished'
2024-05-05 18:24:00.295 [info] ExtensionService#_doActivateExtension vscode.merge-conflict, startup: false, activationEvent: 'onStartupFinished'
2024-05-05 18:24:00.295 [info] ExtensionService#_doActivateExtension esbenp.prettier-vscode, startup: false, activationEvent: 'onStartupFinished'
2024-05-06 03:00:47.530 [info] Extension host terminating: renderer disconnected for too long (1)
2024-05-06 03:00:47.531 [info] Lock '/home/24SP/24SP_dominguezjs/.vscode-server/data/User/workspaceStorage/38ee5042f4ed346528e7cc520126a2e3-2/vscode.lock': Marking the lockfile as scheduled to be released in 6000 ms.
2024-05-06 03:00:47.547 [info] Extension host with pid 56911 exiting with code 0
