*
* Visual Studio Code Server
*
* By using the software, you agree to
* the Visual Studio Code Server License Terms (https://aka.ms/vscode-server-license) and
* the Microsoft Privacy Statement (https://privacy.microsoft.com/en-US/privacystatement).
*
Server bound to 127.0.0.1:43905 (IPv4)
Extension host agent listening on 43905

[20:56:49] 




[20:56:49] Error: Unable to retrieve mac address (unexpected format)
    at C (/home/24SP/24SP_dominguezjs/.vscode-server/bin/863d2581ecda6849923a2118d93a088b0745d9d6/out/vs/server/node/server.main.js:91:3526)
    at w (/home/24SP/24SP_dominguezjs/.vscode-server/bin/863d2581ecda6849923a2118d93a088b0745d9d6/out/vs/server/node/server.main.js:99:6765)
    at async /home/24SP/24SP_dominguezjs/.vscode-server/bin/863d2581ecda6849923a2118d93a088b0745d9d6/out/vs/server/node/server.main.js:99:6641
[20:56:49] Extension host agent started.
[20:56:50] [127.0.0.1][8eedb4eb][ExtensionHostConnection] Unknown reconnection token (never seen).
[20:56:50] [127.0.0.1][d7b3a998][ManagementConnection] Unknown reconnection token (never seen).
Got delay-shutdown request while in shutdown timeout, delaying
[20:56:59] Got delay-shutdown request while in shutdown timeout, delaying
Cancelling previous shutdown timeout
[20:56:59] Cancelling previous shutdown timeout
[20:57:00] [127.0.0.1][2facbad6][ManagementConnection] New connection established.
[20:57:00] [127.0.0.1][ada436fe][ExtensionHostConnection] New connection established.
[20:57:00] [127.0.0.1][ada436fe][ExtensionHostConnection] <1229161> Launched Extension Host Process.
rejected promise not handled within 1 second: CodeExpectedError: Could not find pty on pty host
stack trace: CodeExpectedError: Could not find pty on pty host
    at D.U (/home/24SP/24SP_dominguezjs/.vscode-server/bin/863d2581ecda6849923a2118d93a088b0745d9d6/out/vs/platform/terminal/node/ptyHostMain.js:43:32578)
    at D.updateTitle (/home/24SP/24SP_dominguezjs/.vscode-server/bin/863d2581ecda6849923a2118d93a088b0745d9d6/out/vs/platform/terminal/node/ptyHostMain.js:43:27710)
    at T.<computed> (/home/24SP/24SP_dominguezjs/.vscode-server/bin/863d2581ecda6849923a2118d93a088b0745d9d6/out/vs/platform/terminal/node/ptyHostMain.js:43:22925)
    at Object.call (/home/24SP/24SP_dominguezjs/.vscode-server/bin/863d2581ecda6849923a2118d93a088b0745d9d6/out/vs/platform/terminal/node/ptyHostMain.js:34:5061)
    at u.s (/home/24SP/24SP_dominguezjs/.vscode-server/bin/863d2581ecda6849923a2118d93a088b0745d9d6/out/vs/platform/terminal/node/ptyHostMain.js:32:5165)
    at u.q (/home/24SP/24SP_dominguezjs/.vscode-server/bin/863d2581ecda6849923a2118d93a088b0745d9d6/out/vs/platform/terminal/node/ptyHostMain.js:32:4667)
    at l.value (/home/24SP/24SP_dominguezjs/.vscode-server/bin/863d2581ecda6849923a2118d93a088b0745d9d6/out/vs/platform/terminal/node/ptyHostMain.js:32:4065)
    at m.y (/home/24SP/24SP_dominguezjs/.vscode-server/bin/863d2581ecda6849923a2118d93a088b0745d9d6/out/vs/platform/terminal/node/ptyHostMain.js:27:1906)
    at m.fire (/home/24SP/24SP_dominguezjs/.vscode-server/bin/863d2581ecda6849923a2118d93a088b0745d9d6/out/vs/platform/terminal/node/ptyHostMain.js:27:2123)
    at process._ (/home/24SP/24SP_dominguezjs/.vscode-server/bin/863d2581ecda6849923a2118d93a088b0745d9d6/out/vs/platform/terminal/node/ptyHostMain.js:25:10025)
    at process.emit (node:events:514:28)
    at emit (node:internal/child_process:937:14)
    at process.processTicksAndRejections (node:internal/process/task_queues:83:21)
[20:57:02] Error [CodeExpectedError]: Could not find pty on pty host
    at D.U (/home/24SP/24SP_dominguezjs/.vscode-server/bin/863d2581ecda6849923a2118d93a088b0745d9d6/out/vs/platform/terminal/node/ptyHostMain.js:43:32578)
    at D.updateTitle (/home/24SP/24SP_dominguezjs/.vscode-server/bin/863d2581ecda6849923a2118d93a088b0745d9d6/out/vs/platform/terminal/node/ptyHostMain.js:43:27710)
    at T.<computed> (/home/24SP/24SP_dominguezjs/.vscode-server/bin/863d2581ecda6849923a2118d93a088b0745d9d6/out/vs/platform/terminal/node/ptyHostMain.js:43:22925)
    at Object.call (/home/24SP/24SP_dominguezjs/.vscode-server/bin/863d2581ecda6849923a2118d93a088b0745d9d6/out/vs/platform/terminal/node/ptyHostMain.js:34:5061)
    at u.s (/home/24SP/24SP_dominguezjs/.vscode-server/bin/863d2581ecda6849923a2118d93a088b0745d9d6/out/vs/platform/terminal/node/ptyHostMain.js:32:5165)
    at u.q (/home/24SP/24SP_dominguezjs/.vscode-server/bin/863d2581ecda6849923a2118d93a088b0745d9d6/out/vs/platform/terminal/node/ptyHostMain.js:32:4667)
    at l.value (/home/24SP/24SP_dominguezjs/.vscode-server/bin/863d2581ecda6849923a2118d93a088b0745d9d6/out/vs/platform/terminal/node/ptyHostMain.js:32:4065)
    at m.y (/home/24SP/24SP_dominguezjs/.vscode-server/bin/863d2581ecda6849923a2118d93a088b0745d9d6/out/vs/platform/terminal/node/ptyHostMain.js:27:1906)
    at m.fire (/home/24SP/24SP_dominguezjs/.vscode-server/bin/863d2581ecda6849923a2118d93a088b0745d9d6/out/vs/platform/terminal/node/ptyHostMain.js:27:2123)
    at process._ (/home/24SP/24SP_dominguezjs/.vscode-server/bin/863d2581ecda6849923a2118d93a088b0745d9d6/out/vs/platform/terminal/node/ptyHostMain.js:25:10025)
    at process.emit (node:events:514:28)
    at emit (node:internal/child_process:937:14)
    at process.processTicksAndRejections (node:internal/process/task_queues:83:21)
rejected promise not handled within 1 second: CodeExpectedError: Could not find pty on pty host
stack trace: CodeExpectedError: Could not find pty on pty host
    at D.U (/home/24SP/24SP_dominguezjs/.vscode-server/bin/863d2581ecda6849923a2118d93a088b0745d9d6/out/vs/platform/terminal/node/ptyHostMain.js:43:32578)
    at D.updateIcon (/home/24SP/24SP_dominguezjs/.vscode-server/bin/863d2581ecda6849923a2118d93a088b0745d9d6/out/vs/platform/terminal/node/ptyHostMain.js:43:27763)
    at T.<computed> (/home/24SP/24SP_dominguezjs/.vscode-server/bin/863d2581ecda6849923a2118d93a088b0745d9d6/out/vs/platform/terminal/node/ptyHostMain.js:43:22925)
    at Object.call (/home/24SP/24SP_dominguezjs/.vscode-server/bin/863d2581ecda6849923a2118d93a088b0745d9d6/out/vs/platform/terminal/node/ptyHostMain.js:34:5061)
    at u.s (/home/24SP/24SP_dominguezjs/.vscode-server/bin/863d2581ecda6849923a2118d93a088b0745d9d6/out/vs/platform/terminal/node/ptyHostMain.js:32:5165)
    at u.q (/home/24SP/24SP_dominguezjs/.vscode-server/bin/863d2581ecda6849923a2118d93a088b0745d9d6/out/vs/platform/terminal/node/ptyHostMain.js:32:4667)
    at l.value (/home/24SP/24SP_dominguezjs/.vscode-server/bin/863d2581ecda6849923a2118d93a088b0745d9d6/out/vs/platform/terminal/node/ptyHostMain.js:32:4065)
    at m.y (/home/24SP/24SP_dominguezjs/.vscode-server/bin/863d2581ecda6849923a2118d93a088b0745d9d6/out/vs/platform/terminal/node/ptyHostMain.js:27:1906)
    at m.fire (/home/24SP/24SP_dominguezjs/.vscode-server/bin/863d2581ecda6849923a2118d93a088b0745d9d6/out/vs/platform/terminal/node/ptyHostMain.js:27:2123)
    at process._ (/home/24SP/24SP_dominguezjs/.vscode-server/bin/863d2581ecda6849923a2118d93a088b0745d9d6/out/vs/platform/terminal/node/ptyHostMain.js:25:10025)
    at process.emit (node:events:514:28)
    at emit (node:internal/child_process:937:14)
    at process.processTicksAndRejections (node:internal/process/task_queues:83:21)
[20:57:05] Error [CodeExpectedError]: Could not find pty on pty host
    at D.U (/home/24SP/24SP_dominguezjs/.vscode-server/bin/863d2581ecda6849923a2118d93a088b0745d9d6/out/vs/platform/terminal/node/ptyHostMain.js:43:32578)
    at D.updateIcon (/home/24SP/24SP_dominguezjs/.vscode-server/bin/863d2581ecda6849923a2118d93a088b0745d9d6/out/vs/platform/terminal/node/ptyHostMain.js:43:27763)
    at T.<computed> (/home/24SP/24SP_dominguezjs/.vscode-server/bin/863d2581ecda6849923a2118d93a088b0745d9d6/out/vs/platform/terminal/node/ptyHostMain.js:43:22925)
    at Object.call (/home/24SP/24SP_dominguezjs/.vscode-server/bin/863d2581ecda6849923a2118d93a088b0745d9d6/out/vs/platform/terminal/node/ptyHostMain.js:34:5061)
    at u.s (/home/24SP/24SP_dominguezjs/.vscode-server/bin/863d2581ecda6849923a2118d93a088b0745d9d6/out/vs/platform/terminal/node/ptyHostMain.js:32:5165)
    at u.q (/home/24SP/24SP_dominguezjs/.vscode-server/bin/863d2581ecda6849923a2118d93a088b0745d9d6/out/vs/platform/terminal/node/ptyHostMain.js:32:4667)
    at l.value (/home/24SP/24SP_dominguezjs/.vscode-server/bin/863d2581ecda6849923a2118d93a088b0745d9d6/out/vs/platform/terminal/node/ptyHostMain.js:32:4065)
    at m.y (/home/24SP/24SP_dominguezjs/.vscode-server/bin/863d2581ecda6849923a2118d93a088b0745d9d6/out/vs/platform/terminal/node/ptyHostMain.js:27:1906)
    at m.fire (/home/24SP/24SP_dominguezjs/.vscode-server/bin/863d2581ecda6849923a2118d93a088b0745d9d6/out/vs/platform/terminal/node/ptyHostMain.js:27:2123)
    at process._ (/home/24SP/24SP_dominguezjs/.vscode-server/bin/863d2581ecda6849923a2118d93a088b0745d9d6/out/vs/platform/terminal/node/ptyHostMain.js:25:10025)
    at process.emit (node:events:514:28)
    at emit (node:internal/child_process:937:14)
    at process.processTicksAndRejections (node:internal/process/task_queues:83:21)
rejected promise not handled within 1 second: CodeExpectedError: Could not find pty on pty host
stack trace: CodeExpectedError: Could not find pty on pty host
    at D.U (/home/24SP/24SP_dominguezjs/.vscode-server/bin/863d2581ecda6849923a2118d93a088b0745d9d6/out/vs/platform/terminal/node/ptyHostMain.js:43:32578)
    at D.updateTitle (/home/24SP/24SP_dominguezjs/.vscode-server/bin/863d2581ecda6849923a2118d93a088b0745d9d6/out/vs/platform/terminal/node/ptyHostMain.js:43:27710)
    at T.<computed> (/home/24SP/24SP_dominguezjs/.vscode-server/bin/863d2581ecda6849923a2118d93a088b0745d9d6/out/vs/platform/terminal/node/ptyHostMain.js:43:22925)
    at Object.call (/home/24SP/24SP_dominguezjs/.vscode-server/bin/863d2581ecda6849923a2118d93a088b0745d9d6/out/vs/platform/terminal/node/ptyHostMain.js:34:5061)
    at u.s (/home/24SP/24SP_dominguezjs/.vscode-server/bin/863d2581ecda6849923a2118d93a088b0745d9d6/out/vs/platform/terminal/node/ptyHostMain.js:32:5165)
    at u.q (/home/24SP/24SP_dominguezjs/.vscode-server/bin/863d2581ecda6849923a2118d93a088b0745d9d6/out/vs/platform/terminal/node/ptyHostMain.js:32:4667)
    at l.value (/home/24SP/24SP_dominguezjs/.vscode-server/bin/863d2581ecda6849923a2118d93a088b0745d9d6/out/vs/platform/terminal/node/ptyHostMain.js:32:4065)
    at m.y (/home/24SP/24SP_dominguezjs/.vscode-server/bin/863d2581ecda6849923a2118d93a088b0745d9d6/out/vs/platform/terminal/node/ptyHostMain.js:27:1906)
    at m.fire (/home/24SP/24SP_dominguezjs/.vscode-server/bin/863d2581ecda6849923a2118d93a088b0745d9d6/out/vs/platform/terminal/node/ptyHostMain.js:27:2123)
    at process._ (/home/24SP/24SP_dominguezjs/.vscode-server/bin/863d2581ecda6849923a2118d93a088b0745d9d6/out/vs/platform/terminal/node/ptyHostMain.js:25:10025)
    at process.emit (node:events:514:28)
    at emit (node:internal/child_process:937:14)
    at process.processTicksAndRejections (node:internal/process/task_queues:83:21)
[20:57:05] Error [CodeExpectedError]: Could not find pty on pty host
    at D.U (/home/24SP/24SP_dominguezjs/.vscode-server/bin/863d2581ecda6849923a2118d93a088b0745d9d6/out/vs/platform/terminal/node/ptyHostMain.js:43:32578)
    at D.updateTitle (/home/24SP/24SP_dominguezjs/.vscode-server/bin/863d2581ecda6849923a2118d93a088b0745d9d6/out/vs/platform/terminal/node/ptyHostMain.js:43:27710)
    at T.<computed> (/home/24SP/24SP_dominguezjs/.vscode-server/bin/863d2581ecda6849923a2118d93a088b0745d9d6/out/vs/platform/terminal/node/ptyHostMain.js:43:22925)
    at Object.call (/home/24SP/24SP_dominguezjs/.vscode-server/bin/863d2581ecda6849923a2118d93a088b0745d9d6/out/vs/platform/terminal/node/ptyHostMain.js:34:5061)
    at u.s (/home/24SP/24SP_dominguezjs/.vscode-server/bin/863d2581ecda6849923a2118d93a088b0745d9d6/out/vs/platform/terminal/node/ptyHostMain.js:32:5165)
    at u.q (/home/24SP/24SP_dominguezjs/.vscode-server/bin/863d2581ecda6849923a2118d93a088b0745d9d6/out/vs/platform/terminal/node/ptyHostMain.js:32:4667)
    at l.value (/home/24SP/24SP_dominguezjs/.vscode-server/bin/863d2581ecda6849923a2118d93a088b0745d9d6/out/vs/platform/terminal/node/ptyHostMain.js:32:4065)
    at m.y (/home/24SP/24SP_dominguezjs/.vscode-server/bin/863d2581ecda6849923a2118d93a088b0745d9d6/out/vs/platform/terminal/node/ptyHostMain.js:27:1906)
    at m.fire (/home/24SP/24SP_dominguezjs/.vscode-server/bin/863d2581ecda6849923a2118d93a088b0745d9d6/out/vs/platform/terminal/node/ptyHostMain.js:27:2123)
    at process._ (/home/24SP/24SP_dominguezjs/.vscode-server/bin/863d2581ecda6849923a2118d93a088b0745d9d6/out/vs/platform/terminal/node/ptyHostMain.js:25:10025)
    at process.emit (node:events:514:28)
    at emit (node:internal/child_process:937:14)
    at process.processTicksAndRejections (node:internal/process/task_queues:83:21)
rejected promise not handled within 1 second: CodeExpectedError: Could not find pty on pty host
stack trace: CodeExpectedError: Could not find pty on pty host
    at D.U (/home/24SP/24SP_dominguezjs/.vscode-server/bin/863d2581ecda6849923a2118d93a088b0745d9d6/out/vs/platform/terminal/node/ptyHostMain.js:43:32578)
    at D.updateTitle (/home/24SP/24SP_dominguezjs/.vscode-server/bin/863d2581ecda6849923a2118d93a088b0745d9d6/out/vs/platform/terminal/node/ptyHostMain.js:43:27710)
    at T.<computed> (/home/24SP/24SP_dominguezjs/.vscode-server/bin/863d2581ecda6849923a2118d93a088b0745d9d6/out/vs/platform/terminal/node/ptyHostMain.js:43:22925)
    at Object.call (/home/24SP/24SP_dominguezjs/.vscode-server/bin/863d2581ecda6849923a2118d93a088b0745d9d6/out/vs/platform/terminal/node/ptyHostMain.js:34:5061)
    at u.s (/home/24SP/24SP_dominguezjs/.vscode-server/bin/863d2581ecda6849923a2118d93a088b0745d9d6/out/vs/platform/terminal/node/ptyHostMain.js:32:5165)
    at u.q (/home/24SP/24SP_dominguezjs/.vscode-server/bin/863d2581ecda6849923a2118d93a088b0745d9d6/out/vs/platform/terminal/node/ptyHostMain.js:32:4667)
    at l.value (/home/24SP/24SP_dominguezjs/.vscode-server/bin/863d2581ecda6849923a2118d93a088b0745d9d6/out/vs/platform/terminal/node/ptyHostMain.js:32:4065)
    at m.y (/home/24SP/24SP_dominguezjs/.vscode-server/bin/863d2581ecda6849923a2118d93a088b0745d9d6/out/vs/platform/terminal/node/ptyHostMain.js:27:1906)
    at m.fire (/home/24SP/24SP_dominguezjs/.vscode-server/bin/863d2581ecda6849923a2118d93a088b0745d9d6/out/vs/platform/terminal/node/ptyHostMain.js:27:2123)
    at process._ (/home/24SP/24SP_dominguezjs/.vscode-server/bin/863d2581ecda6849923a2118d93a088b0745d9d6/out/vs/platform/terminal/node/ptyHostMain.js:25:10025)
    at process.emit (node:events:514:28)
    at emit (node:internal/child_process:937:14)
    at process.processTicksAndRejections (node:internal/process/task_queues:83:21)
[20:57:05] Error [CodeExpectedError]: Could not find pty on pty host
    at D.U (/home/24SP/24SP_dominguezjs/.vscode-server/bin/863d2581ecda6849923a2118d93a088b0745d9d6/out/vs/platform/terminal/node/ptyHostMain.js:43:32578)
    at D.updateTitle (/home/24SP/24SP_dominguezjs/.vscode-server/bin/863d2581ecda6849923a2118d93a088b0745d9d6/out/vs/platform/terminal/node/ptyHostMain.js:43:27710)
    at T.<computed> (/home/24SP/24SP_dominguezjs/.vscode-server/bin/863d2581ecda6849923a2118d93a088b0745d9d6/out/vs/platform/terminal/node/ptyHostMain.js:43:22925)
    at Object.call (/home/24SP/24SP_dominguezjs/.vscode-server/bin/863d2581ecda6849923a2118d93a088b0745d9d6/out/vs/platform/terminal/node/ptyHostMain.js:34:5061)
    at u.s (/home/24SP/24SP_dominguezjs/.vscode-server/bin/863d2581ecda6849923a2118d93a088b0745d9d6/out/vs/platform/terminal/node/ptyHostMain.js:32:5165)
    at u.q (/home/24SP/24SP_dominguezjs/.vscode-server/bin/863d2581ecda6849923a2118d93a088b0745d9d6/out/vs/platform/terminal/node/ptyHostMain.js:32:4667)
    at l.value (/home/24SP/24SP_dominguezjs/.vscode-server/bin/863d2581ecda6849923a2118d93a088b0745d9d6/out/vs/platform/terminal/node/ptyHostMain.js:32:4065)
    at m.y (/home/24SP/24SP_dominguezjs/.vscode-server/bin/863d2581ecda6849923a2118d93a088b0745d9d6/out/vs/platform/terminal/node/ptyHostMain.js:27:1906)
    at m.fire (/home/24SP/24SP_dominguezjs/.vscode-server/bin/863d2581ecda6849923a2118d93a088b0745d9d6/out/vs/platform/terminal/node/ptyHostMain.js:27:2123)
    at process._ (/home/24SP/24SP_dominguezjs/.vscode-server/bin/863d2581ecda6849923a2118d93a088b0745d9d6/out/vs/platform/terminal/node/ptyHostMain.js:25:10025)
    at process.emit (node:events:514:28)
    at emit (node:internal/child_process:937:14)
    at process.processTicksAndRejections (node:internal/process/task_queues:83:21)
rejected promise not handled within 1 second: CodeExpectedError: Could not find pty on pty host
stack trace: CodeExpectedError: Could not find pty on pty host
    at D.U (/home/24SP/24SP_dominguezjs/.vscode-server/bin/863d2581ecda6849923a2118d93a088b0745d9d6/out/vs/platform/terminal/node/ptyHostMain.js:43:32578)
    at D.updateTitle (/home/24SP/24SP_dominguezjs/.vscode-server/bin/863d2581ecda6849923a2118d93a088b0745d9d6/out/vs/platform/terminal/node/ptyHostMain.js:43:27710)
    at T.<computed> (/home/24SP/24SP_dominguezjs/.vscode-server/bin/863d2581ecda6849923a2118d93a088b0745d9d6/out/vs/platform/terminal/node/ptyHostMain.js:43:22925)
    at Object.call (/home/24SP/24SP_dominguezjs/.vscode-server/bin/863d2581ecda6849923a2118d93a088b0745d9d6/out/vs/platform/terminal/node/ptyHostMain.js:34:5061)
    at u.s (/home/24SP/24SP_dominguezjs/.vscode-server/bin/863d2581ecda6849923a2118d93a088b0745d9d6/out/vs/platform/terminal/node/ptyHostMain.js:32:5165)
    at u.q (/home/24SP/24SP_dominguezjs/.vscode-server/bin/863d2581ecda6849923a2118d93a088b0745d9d6/out/vs/platform/terminal/node/ptyHostMain.js:32:4667)
    at l.value (/home/24SP/24SP_dominguezjs/.vscode-server/bin/863d2581ecda6849923a2118d93a088b0745d9d6/out/vs/platform/terminal/node/ptyHostMain.js:32:4065)
    at m.y (/home/24SP/24SP_dominguezjs/.vscode-server/bin/863d2581ecda6849923a2118d93a088b0745d9d6/out/vs/platform/terminal/node/ptyHostMain.js:27:1906)
    at m.fire (/home/24SP/24SP_dominguezjs/.vscode-server/bin/863d2581ecda6849923a2118d93a088b0745d9d6/out/vs/platform/terminal/node/ptyHostMain.js:27:2123)
    at process._ (/home/24SP/24SP_dominguezjs/.vscode-server/bin/863d2581ecda6849923a2118d93a088b0745d9d6/out/vs/platform/terminal/node/ptyHostMain.js:25:10025)
    at process.emit (node:events:514:28)
    at emit (node:internal/child_process:937:14)
    at process.processTicksAndRejections (node:internal/process/task_queues:83:21)
[20:57:07] Error [CodeExpectedError]: Could not find pty on pty host
    at D.U (/home/24SP/24SP_dominguezjs/.vscode-server/bin/863d2581ecda6849923a2118d93a088b0745d9d6/out/vs/platform/terminal/node/ptyHostMain.js:43:32578)
    at D.updateTitle (/home/24SP/24SP_dominguezjs/.vscode-server/bin/863d2581ecda6849923a2118d93a088b0745d9d6/out/vs/platform/terminal/node/ptyHostMain.js:43:27710)
    at T.<computed> (/home/24SP/24SP_dominguezjs/.vscode-server/bin/863d2581ecda6849923a2118d93a088b0745d9d6/out/vs/platform/terminal/node/ptyHostMain.js:43:22925)
    at Object.call (/home/24SP/24SP_dominguezjs/.vscode-server/bin/863d2581ecda6849923a2118d93a088b0745d9d6/out/vs/platform/terminal/node/ptyHostMain.js:34:5061)
    at u.s (/home/24SP/24SP_dominguezjs/.vscode-server/bin/863d2581ecda6849923a2118d93a088b0745d9d6/out/vs/platform/terminal/node/ptyHostMain.js:32:5165)
    at u.q (/home/24SP/24SP_dominguezjs/.vscode-server/bin/863d2581ecda6849923a2118d93a088b0745d9d6/out/vs/platform/terminal/node/ptyHostMain.js:32:4667)
    at l.value (/home/24SP/24SP_dominguezjs/.vscode-server/bin/863d2581ecda6849923a2118d93a088b0745d9d6/out/vs/platform/terminal/node/ptyHostMain.js:32:4065)
    at m.y (/home/24SP/24SP_dominguezjs/.vscode-server/bin/863d2581ecda6849923a2118d93a088b0745d9d6/out/vs/platform/terminal/node/ptyHostMain.js:27:1906)
    at m.fire (/home/24SP/24SP_dominguezjs/.vscode-server/bin/863d2581ecda6849923a2118d93a088b0745d9d6/out/vs/platform/terminal/node/ptyHostMain.js:27:2123)
    at process._ (/home/24SP/24SP_dominguezjs/.vscode-server/bin/863d2581ecda6849923a2118d93a088b0745d9d6/out/vs/platform/terminal/node/ptyHostMain.js:25:10025)
    at process.emit (node:events:514:28)
    at emit (node:internal/child_process:937:14)
    at process.processTicksAndRejections (node:internal/process/task_queues:83:21)
New EH opened, aborting shutdown
[21:01:59] New EH opened, aborting shutdown
[21:07:28] [127.0.0.1][ada436fe][ExtensionHostConnection] The client has reconnected.
[21:07:30] [127.0.0.1][2facbad6][ManagementConnection] The client has reconnected.
rejected promise not handled within 1 second: CodeExpectedError: Could not find pty on pty host
stack trace: CodeExpectedError: Could not find pty on pty host
    at D.U (/home/24SP/24SP_dominguezjs/.vscode-server/bin/863d2581ecda6849923a2118d93a088b0745d9d6/out/vs/platform/terminal/node/ptyHostMain.js:43:32578)
    at D.updateIcon (/home/24SP/24SP_dominguezjs/.vscode-server/bin/863d2581ecda6849923a2118d93a088b0745d9d6/out/vs/platform/terminal/node/ptyHostMain.js:43:27763)
    at T.<computed> (/home/24SP/24SP_dominguezjs/.vscode-server/bin/863d2581ecda6849923a2118d93a088b0745d9d6/out/vs/platform/terminal/node/ptyHostMain.js:43:22925)
    at Object.call (/home/24SP/24SP_dominguezjs/.vscode-server/bin/863d2581ecda6849923a2118d93a088b0745d9d6/out/vs/platform/terminal/node/ptyHostMain.js:34:5061)
    at u.s (/home/24SP/24SP_dominguezjs/.vscode-server/bin/863d2581ecda6849923a2118d93a088b0745d9d6/out/vs/platform/terminal/node/ptyHostMain.js:32:5165)
    at u.q (/home/24SP/24SP_dominguezjs/.vscode-server/bin/863d2581ecda6849923a2118d93a088b0745d9d6/out/vs/platform/terminal/node/ptyHostMain.js:32:4667)
    at l.value (/home/24SP/24SP_dominguezjs/.vscode-server/bin/863d2581ecda6849923a2118d93a088b0745d9d6/out/vs/platform/terminal/node/ptyHostMain.js:32:4065)
    at m.y (/home/24SP/24SP_dominguezjs/.vscode-server/bin/863d2581ecda6849923a2118d93a088b0745d9d6/out/vs/platform/terminal/node/ptyHostMain.js:27:1906)
    at m.fire (/home/24SP/24SP_dominguezjs/.vscode-server/bin/863d2581ecda6849923a2118d93a088b0745d9d6/out/vs/platform/terminal/node/ptyHostMain.js:27:2123)
    at process._ (/home/24SP/24SP_dominguezjs/.vscode-server/bin/863d2581ecda6849923a2118d93a088b0745d9d6/out/vs/platform/terminal/node/ptyHostMain.js:25:10025)
    at process.emit (node:events:514:28)
    at emit (node:internal/child_process:937:14)
    at process.processTicksAndRejections (node:internal/process/task_queues:83:21)
[21:07:31] Error [CodeExpectedError]: Could not find pty on pty host
    at D.U (/home/24SP/24SP_dominguezjs/.vscode-server/bin/863d2581ecda6849923a2118d93a088b0745d9d6/out/vs/platform/terminal/node/ptyHostMain.js:43:32578)
    at D.updateIcon (/home/24SP/24SP_dominguezjs/.vscode-server/bin/863d2581ecda6849923a2118d93a088b0745d9d6/out/vs/platform/terminal/node/ptyHostMain.js:43:27763)
    at T.<computed> (/home/24SP/24SP_dominguezjs/.vscode-server/bin/863d2581ecda6849923a2118d93a088b0745d9d6/out/vs/platform/terminal/node/ptyHostMain.js:43:22925)
    at Object.call (/home/24SP/24SP_dominguezjs/.vscode-server/bin/863d2581ecda6849923a2118d93a088b0745d9d6/out/vs/platform/terminal/node/ptyHostMain.js:34:5061)
    at u.s (/home/24SP/24SP_dominguezjs/.vscode-server/bin/863d2581ecda6849923a2118d93a088b0745d9d6/out/vs/platform/terminal/node/ptyHostMain.js:32:5165)
    at u.q (/home/24SP/24SP_dominguezjs/.vscode-server/bin/863d2581ecda6849923a2118d93a088b0745d9d6/out/vs/platform/terminal/node/ptyHostMain.js:32:4667)
    at l.value (/home/24SP/24SP_dominguezjs/.vscode-server/bin/863d2581ecda6849923a2118d93a088b0745d9d6/out/vs/platform/terminal/node/ptyHostMain.js:32:4065)
    at m.y (/home/24SP/24SP_dominguezjs/.vscode-server/bin/863d2581ecda6849923a2118d93a088b0745d9d6/out/vs/platform/terminal/node/ptyHostMain.js:27:1906)
    at m.fire (/home/24SP/24SP_dominguezjs/.vscode-server/bin/863d2581ecda6849923a2118d93a088b0745d9d6/out/vs/platform/terminal/node/ptyHostMain.js:27:2123)
    at process._ (/home/24SP/24SP_dominguezjs/.vscode-server/bin/863d2581ecda6849923a2118d93a088b0745d9d6/out/vs/platform/terminal/node/ptyHostMain.js:25:10025)
    at process.emit (node:events:514:28)
    at emit (node:internal/child_process:937:14)
    at process.processTicksAndRejections (node:internal/process/task_queues:83:21)
rejected promise not handled within 1 second: CodeExpectedError: Could not find pty on pty host
stack trace: CodeExpectedError: Could not find pty on pty host
    at D.U (/home/24SP/24SP_dominguezjs/.vscode-server/bin/863d2581ecda6849923a2118d93a088b0745d9d6/out/vs/platform/terminal/node/ptyHostMain.js:43:32578)
    at D.updateTitle (/home/24SP/24SP_dominguezjs/.vscode-server/bin/863d2581ecda6849923a2118d93a088b0745d9d6/out/vs/platform/terminal/node/ptyHostMain.js:43:27710)
    at T.<computed> (/home/24SP/24SP_dominguezjs/.vscode-server/bin/863d2581ecda6849923a2118d93a088b0745d9d6/out/vs/platform/terminal/node/ptyHostMain.js:43:22925)
    at Object.call (/home/24SP/24SP_dominguezjs/.vscode-server/bin/863d2581ecda6849923a2118d93a088b0745d9d6/out/vs/platform/terminal/node/ptyHostMain.js:34:5061)
    at u.s (/home/24SP/24SP_dominguezjs/.vscode-server/bin/863d2581ecda6849923a2118d93a088b0745d9d6/out/vs/platform/terminal/node/ptyHostMain.js:32:5165)
    at u.q (/home/24SP/24SP_dominguezjs/.vscode-server/bin/863d2581ecda6849923a2118d93a088b0745d9d6/out/vs/platform/terminal/node/ptyHostMain.js:32:4667)
    at l.value (/home/24SP/24SP_dominguezjs/.vscode-server/bin/863d2581ecda6849923a2118d93a088b0745d9d6/out/vs/platform/terminal/node/ptyHostMain.js:32:4065)
    at m.y (/home/24SP/24SP_dominguezjs/.vscode-server/bin/863d2581ecda6849923a2118d93a088b0745d9d6/out/vs/platform/terminal/node/ptyHostMain.js:27:1906)
    at m.fire (/home/24SP/24SP_dominguezjs/.vscode-server/bin/863d2581ecda6849923a2118d93a088b0745d9d6/out/vs/platform/terminal/node/ptyHostMain.js:27:2123)
    at process._ (/home/24SP/24SP_dominguezjs/.vscode-server/bin/863d2581ecda6849923a2118d93a088b0745d9d6/out/vs/platform/terminal/node/ptyHostMain.js:25:10025)
    at process.emit (node:events:514:28)
    at emit (node:internal/child_process:937:14)
    at process.processTicksAndRejections (node:internal/process/task_queues:83:21)
[21:07:31] Error [CodeExpectedError]: Could not find pty on pty host
    at D.U (/home/24SP/24SP_dominguezjs/.vscode-server/bin/863d2581ecda6849923a2118d93a088b0745d9d6/out/vs/platform/terminal/node/ptyHostMain.js:43:32578)
    at D.updateTitle (/home/24SP/24SP_dominguezjs/.vscode-server/bin/863d2581ecda6849923a2118d93a088b0745d9d6/out/vs/platform/terminal/node/ptyHostMain.js:43:27710)
    at T.<computed> (/home/24SP/24SP_dominguezjs/.vscode-server/bin/863d2581ecda6849923a2118d93a088b0745d9d6/out/vs/platform/terminal/node/ptyHostMain.js:43:22925)
    at Object.call (/home/24SP/24SP_dominguezjs/.vscode-server/bin/863d2581ecda6849923a2118d93a088b0745d9d6/out/vs/platform/terminal/node/ptyHostMain.js:34:5061)
    at u.s (/home/24SP/24SP_dominguezjs/.vscode-server/bin/863d2581ecda6849923a2118d93a088b0745d9d6/out/vs/platform/terminal/node/ptyHostMain.js:32:5165)
    at u.q (/home/24SP/24SP_dominguezjs/.vscode-server/bin/863d2581ecda6849923a2118d93a088b0745d9d6/out/vs/platform/terminal/node/ptyHostMain.js:32:4667)
    at l.value (/home/24SP/24SP_dominguezjs/.vscode-server/bin/863d2581ecda6849923a2118d93a088b0745d9d6/out/vs/platform/terminal/node/ptyHostMain.js:32:4065)
    at m.y (/home/24SP/24SP_dominguezjs/.vscode-server/bin/863d2581ecda6849923a2118d93a088b0745d9d6/out/vs/platform/terminal/node/ptyHostMain.js:27:1906)
    at m.fire (/home/24SP/24SP_dominguezjs/.vscode-server/bin/863d2581ecda6849923a2118d93a088b0745d9d6/out/vs/platform/terminal/node/ptyHostMain.js:27:2123)
    at process._ (/home/24SP/24SP_dominguezjs/.vscode-server/bin/863d2581ecda6849923a2118d93a088b0745d9d6/out/vs/platform/terminal/node/ptyHostMain.js:25:10025)
    at process.emit (node:events:514:28)
    at emit (node:internal/child_process:937:14)
    at process.processTicksAndRejections (node:internal/process/task_queues:83:21)
rejected promise not handled within 1 second: CodeExpectedError: Could not find pty on pty host
stack trace: CodeExpectedError: Could not find pty on pty host
    at D.U (/home/24SP/24SP_dominguezjs/.vscode-server/bin/863d2581ecda6849923a2118d93a088b0745d9d6/out/vs/platform/terminal/node/ptyHostMain.js:43:32578)
    at D.updateTitle (/home/24SP/24SP_dominguezjs/.vscode-server/bin/863d2581ecda6849923a2118d93a088b0745d9d6/out/vs/platform/terminal/node/ptyHostMain.js:43:27710)
    at T.<computed> (/home/24SP/24SP_dominguezjs/.vscode-server/bin/863d2581ecda6849923a2118d93a088b0745d9d6/out/vs/platform/terminal/node/ptyHostMain.js:43:22925)
    at Object.call (/home/24SP/24SP_dominguezjs/.vscode-server/bin/863d2581ecda6849923a2118d93a088b0745d9d6/out/vs/platform/terminal/node/ptyHostMain.js:34:5061)
    at u.s (/home/24SP/24SP_dominguezjs/.vscode-server/bin/863d2581ecda6849923a2118d93a088b0745d9d6/out/vs/platform/terminal/node/ptyHostMain.js:32:5165)
    at u.q (/home/24SP/24SP_dominguezjs/.vscode-server/bin/863d2581ecda6849923a2118d93a088b0745d9d6/out/vs/platform/terminal/node/ptyHostMain.js:32:4667)
    at l.value (/home/24SP/24SP_dominguezjs/.vscode-server/bin/863d2581ecda6849923a2118d93a088b0745d9d6/out/vs/platform/terminal/node/ptyHostMain.js:32:4065)
    at m.y (/home/24SP/24SP_dominguezjs/.vscode-server/bin/863d2581ecda6849923a2118d93a088b0745d9d6/out/vs/platform/terminal/node/ptyHostMain.js:27:1906)
    at m.fire (/home/24SP/24SP_dominguezjs/.vscode-server/bin/863d2581ecda6849923a2118d93a088b0745d9d6/out/vs/platform/terminal/node/ptyHostMain.js:27:2123)
    at process._ (/home/24SP/24SP_dominguezjs/.vscode-server/bin/863d2581ecda6849923a2118d93a088b0745d9d6/out/vs/platform/terminal/node/ptyHostMain.js:25:10025)
    at process.emit (node:events:514:28)
    at emit (node:internal/child_process:937:14)
    at process.processTicksAndRejections (node:internal/process/task_queues:83:21)
[21:07:31] Error [CodeExpectedError]: Could not find pty on pty host
    at D.U (/home/24SP/24SP_dominguezjs/.vscode-server/bin/863d2581ecda6849923a2118d93a088b0745d9d6/out/vs/platform/terminal/node/ptyHostMain.js:43:32578)
    at D.updateTitle (/home/24SP/24SP_dominguezjs/.vscode-server/bin/863d2581ecda6849923a2118d93a088b0745d9d6/out/vs/platform/terminal/node/ptyHostMain.js:43:27710)
    at T.<computed> (/home/24SP/24SP_dominguezjs/.vscode-server/bin/863d2581ecda6849923a2118d93a088b0745d9d6/out/vs/platform/terminal/node/ptyHostMain.js:43:22925)
    at Object.call (/home/24SP/24SP_dominguezjs/.vscode-server/bin/863d2581ecda6849923a2118d93a088b0745d9d6/out/vs/platform/terminal/node/ptyHostMain.js:34:5061)
    at u.s (/home/24SP/24SP_dominguezjs/.vscode-server/bin/863d2581ecda6849923a2118d93a088b0745d9d6/out/vs/platform/terminal/node/ptyHostMain.js:32:5165)
    at u.q (/home/24SP/24SP_dominguezjs/.vscode-server/bin/863d2581ecda6849923a2118d93a088b0745d9d6/out/vs/platform/terminal/node/ptyHostMain.js:32:4667)
    at l.value (/home/24SP/24SP_dominguezjs/.vscode-server/bin/863d2581ecda6849923a2118d93a088b0745d9d6/out/vs/platform/terminal/node/ptyHostMain.js:32:4065)
    at m.y (/home/24SP/24SP_dominguezjs/.vscode-server/bin/863d2581ecda6849923a2118d93a088b0745d9d6/out/vs/platform/terminal/node/ptyHostMain.js:27:1906)
    at m.fire (/home/24SP/24SP_dominguezjs/.vscode-server/bin/863d2581ecda6849923a2118d93a088b0745d9d6/out/vs/platform/terminal/node/ptyHostMain.js:27:2123)
    at process._ (/home/24SP/24SP_dominguezjs/.vscode-server/bin/863d2581ecda6849923a2118d93a088b0745d9d6/out/vs/platform/terminal/node/ptyHostMain.js:25:10025)
    at process.emit (node:events:514:28)
    at emit (node:internal/child_process:937:14)
    at process.processTicksAndRejections (node:internal/process/task_queues:83:21)
rejected promise not handled within 1 second: CodeExpectedError: Could not find pty on pty host
stack trace: CodeExpectedError: Could not find pty on pty host
    at D.U (/home/24SP/24SP_dominguezjs/.vscode-server/bin/863d2581ecda6849923a2118d93a088b0745d9d6/out/vs/platform/terminal/node/ptyHostMain.js:43:32578)
    at D.updateTitle (/home/24SP/24SP_dominguezjs/.vscode-server/bin/863d2581ecda6849923a2118d93a088b0745d9d6/out/vs/platform/terminal/node/ptyHostMain.js:43:27710)
    at T.<computed> (/home/24SP/24SP_dominguezjs/.vscode-server/bin/863d2581ecda6849923a2118d93a088b0745d9d6/out/vs/platform/terminal/node/ptyHostMain.js:43:22925)
    at Object.call (/home/24SP/24SP_dominguezjs/.vscode-server/bin/863d2581ecda6849923a2118d93a088b0745d9d6/out/vs/platform/terminal/node/ptyHostMain.js:34:5061)
    at u.s (/home/24SP/24SP_dominguezjs/.vscode-server/bin/863d2581ecda6849923a2118d93a088b0745d9d6/out/vs/platform/terminal/node/ptyHostMain.js:32:5165)
    at u.q (/home/24SP/24SP_dominguezjs/.vscode-server/bin/863d2581ecda6849923a2118d93a088b0745d9d6/out/vs/platform/terminal/node/ptyHostMain.js:32:4667)
    at l.value (/home/24SP/24SP_dominguezjs/.vscode-server/bin/863d2581ecda6849923a2118d93a088b0745d9d6/out/vs/platform/terminal/node/ptyHostMain.js:32:4065)
    at m.y (/home/24SP/24SP_dominguezjs/.vscode-server/bin/863d2581ecda6849923a2118d93a088b0745d9d6/out/vs/platform/terminal/node/ptyHostMain.js:27:1906)
    at m.fire (/home/24SP/24SP_dominguezjs/.vscode-server/bin/863d2581ecda6849923a2118d93a088b0745d9d6/out/vs/platform/terminal/node/ptyHostMain.js:27:2123)
    at process._ (/home/24SP/24SP_dominguezjs/.vscode-server/bin/863d2581ecda6849923a2118d93a088b0745d9d6/out/vs/platform/terminal/node/ptyHostMain.js:25:10025)
    at process.emit (node:events:514:28)
    at emit (node:internal/child_process:937:14)
    at process.processTicksAndRejections (node:internal/process/task_queues:83:21)
[21:07:32] Error [CodeExpectedError]: Could not find pty on pty host
    at D.U (/home/24SP/24SP_dominguezjs/.vscode-server/bin/863d2581ecda6849923a2118d93a088b0745d9d6/out/vs/platform/terminal/node/ptyHostMain.js:43:32578)
    at D.updateTitle (/home/24SP/24SP_dominguezjs/.vscode-server/bin/863d2581ecda6849923a2118d93a088b0745d9d6/out/vs/platform/terminal/node/ptyHostMain.js:43:27710)
    at T.<computed> (/home/24SP/24SP_dominguezjs/.vscode-server/bin/863d2581ecda6849923a2118d93a088b0745d9d6/out/vs/platform/terminal/node/ptyHostMain.js:43:22925)
    at Object.call (/home/24SP/24SP_dominguezjs/.vscode-server/bin/863d2581ecda6849923a2118d93a088b0745d9d6/out/vs/platform/terminal/node/ptyHostMain.js:34:5061)
    at u.s (/home/24SP/24SP_dominguezjs/.vscode-server/bin/863d2581ecda6849923a2118d93a088b0745d9d6/out/vs/platform/terminal/node/ptyHostMain.js:32:5165)
    at u.q (/home/24SP/24SP_dominguezjs/.vscode-server/bin/863d2581ecda6849923a2118d93a088b0745d9d6/out/vs/platform/terminal/node/ptyHostMain.js:32:4667)
    at l.value (/home/24SP/24SP_dominguezjs/.vscode-server/bin/863d2581ecda6849923a2118d93a088b0745d9d6/out/vs/platform/terminal/node/ptyHostMain.js:32:4065)
    at m.y (/home/24SP/24SP_dominguezjs/.vscode-server/bin/863d2581ecda6849923a2118d93a088b0745d9d6/out/vs/platform/terminal/node/ptyHostMain.js:27:1906)
    at m.fire (/home/24SP/24SP_dominguezjs/.vscode-server/bin/863d2581ecda6849923a2118d93a088b0745d9d6/out/vs/platform/terminal/node/ptyHostMain.js:27:2123)
    at process._ (/home/24SP/24SP_dominguezjs/.vscode-server/bin/863d2581ecda6849923a2118d93a088b0745d9d6/out/vs/platform/terminal/node/ptyHostMain.js:25:10025)
    at process.emit (node:events:514:28)
    at emit (node:internal/child_process:937:14)
    at process.processTicksAndRejections (node:internal/process/task_queues:83:21)
[22:06:27] [127.0.0.1][2facbad6][ManagementConnection] The client has disconnected gracefully, so the connection will be disposed.
[22:06:27] [127.0.0.1][ada436fe][ExtensionHostConnection] <1229161> Extension Host Process exited with code: 0, signal: null.
Last EH closed, waiting before shutting down
[22:06:27] Last EH closed, waiting before shutting down
Last EH closed, shutting down
[22:11:27] Last EH closed, shutting down
