2024-04-30 20:02:42.743 [info] Log level: Info
2024-04-30 20:02:42.743 [info] Validating found git in: "git"
2024-04-30 20:02:42.743 [info] Using git "2.39.3" from "git"
2024-04-30 20:02:42.743 [info] > git rev-parse --show-toplevel [2ms]
2024-04-30 20:02:42.743 [info] fatal: not a git repository (or any of the parent directories): .git
2024-04-30 20:02:42.743 [info] > git rev-parse --show-toplevel [2ms]
2024-04-30 20:02:42.743 [info] fatal: not a git repository (or any of the parent directories): .git
2024-04-30 20:03:00.816 [info] > git rev-parse --show-toplevel [2ms]
2024-04-30 20:03:00.816 [info] fatal: not a git repository (or any of the parent directories): .git
2024-04-30 20:06:09.459 [info] > git rev-parse --show-toplevel [9ms]
2024-04-30 20:06:09.459 [info] fatal: not a git repository (or any of the parent directories): .git
2024-04-30 20:06:19.168 [info] > git rev-parse --show-toplevel [2ms]
2024-04-30 20:06:19.168 [info] fatal: not a git repository (or any of the parent directories): .git
2024-04-30 20:06:32.706 [info] > git rev-parse --show-toplevel [1ms]
2024-04-30 20:06:32.706 [info] fatal: not a git repository (or any of the parent directories): .git
2024-04-30 20:09:37.932 [info] > git rev-parse --show-toplevel [2ms]
2024-04-30 20:09:37.932 [info] fatal: not a git repository (or any of the parent directories): .git
2024-04-30 20:14:57.810 [info] > git rev-parse --show-toplevel [1ms]
2024-04-30 20:14:57.810 [info] fatal: not a git repository (or any of the parent directories): .git
2024-04-30 20:14:59.340 [info] > git rev-parse --show-toplevel [2ms]
2024-04-30 20:14:59.340 [info] fatal: not a git repository (or any of the parent directories): .git
2024-04-30 20:15:26.091 [info] > git rev-parse --show-toplevel [8ms]
2024-04-30 20:15:26.091 [info] fatal: not a git repository (or any of the parent directories): .git
2024-04-30 20:25:06.167 [info] > git rev-parse --show-toplevel [2ms]
2024-04-30 20:25:06.167 [info] fatal: not a git repository (or any of the parent directories): .git
2024-04-30 20:26:32.312 [info] > git rev-parse --show-toplevel [2ms]
2024-04-30 20:26:32.312 [info] fatal: not a git repository (or any of the parent directories): .git
2024-04-30 20:33:14.586 [info] > git rev-parse --show-toplevel [1ms]
2024-04-30 20:33:14.586 [info] fatal: not a git repository (or any of the parent directories): .git
2024-04-30 20:33:39.190 [info] > git rev-parse --show-toplevel [1ms]
2024-04-30 20:33:39.190 [info] fatal: not a git repository (or any of the parent directories): .git
2024-04-30 20:36:27.647 [info] > git rev-parse --show-toplevel [2ms]
2024-04-30 20:36:27.647 [info] fatal: not a git repository (or any of the parent directories): .git
2024-04-30 20:37:02.785 [info] > git rev-parse --show-toplevel [3ms]
2024-04-30 20:37:02.785 [info] fatal: not a git repository (or any of the parent directories): .git
2024-04-30 20:37:57.493 [info] > git rev-parse --show-toplevel [2ms]
2024-04-30 20:37:57.493 [info] fatal: not a git repository (or any of the parent directories): .git
2024-04-30 20:39:05.926 [info] > git rev-parse --show-toplevel [2ms]
2024-04-30 20:39:05.926 [info] fatal: not a git repository (or any of the parent directories): .git
2024-04-30 20:45:43.656 [info] > git rev-parse --show-toplevel [8ms]
2024-04-30 20:45:43.656 [info] fatal: not a git repository (or any of the parent directories): .git
2024-04-30 20:45:45.349 [info] > git rev-parse --show-toplevel [7ms]
2024-04-30 20:45:45.349 [info] fatal: not a git repository (or any of the parent directories): .git
2024-04-30 20:45:47.791 [info] > git rev-parse --show-toplevel [10ms]
2024-04-30 20:45:47.791 [info] fatal: not a git repository (or any of the parent directories): .git
2024-04-30 20:45:48.527 [info] > git rev-parse --show-toplevel [7ms]
2024-04-30 20:45:48.527 [info] fatal: not a git repository (or any of the parent directories): .git
2024-04-30 20:45:51.456 [info] > git rev-parse --show-toplevel [8ms]
2024-04-30 20:45:51.456 [info] fatal: not a git repository (or any of the parent directories): .git
2024-04-30 20:45:52.625 [info] > git rev-parse --show-toplevel [9ms]
2024-04-30 20:45:52.625 [info] fatal: not a git repository (or any of the parent directories): .git
2024-04-30 20:45:54.616 [info] > git rev-parse --show-toplevel [2ms]
2024-04-30 20:45:54.616 [info] fatal: not a git repository (or any of the parent directories): .git
2024-04-30 20:45:56.011 [info] > git rev-parse --show-toplevel [2ms]
2024-04-30 20:45:56.011 [info] fatal: not a git repository (or any of the parent directories): .git
2024-04-30 20:45:57.369 [info] > git rev-parse --show-toplevel [2ms]
2024-04-30 20:45:57.369 [info] fatal: not a git repository (or any of the parent directories): .git
2024-04-30 20:46:00.332 [info] > git rev-parse --show-toplevel [1ms]
2024-04-30 20:46:00.332 [info] fatal: not a git repository (or any of the parent directories): .git
2024-04-30 20:46:04.666 [info] > git rev-parse --show-toplevel [1ms]
2024-04-30 20:46:04.666 [info] fatal: not a git repository (or any of the parent directories): .git
2024-04-30 20:46:06.520 [info] > git rev-parse --show-toplevel [2ms]
2024-04-30 20:46:06.520 [info] fatal: not a git repository (or any of the parent directories): .git
2024-04-30 20:46:08.838 [info] > git rev-parse --show-toplevel [1ms]
2024-04-30 20:46:08.838 [info] fatal: not a git repository (or any of the parent directories): .git
2024-04-30 20:46:11.360 [info] > git rev-parse --show-toplevel [1ms]
2024-04-30 20:46:11.360 [info] fatal: not a git repository (or any of the parent directories): .git
2024-04-30 20:46:15.343 [info] > git rev-parse --show-toplevel [2ms]
2024-04-30 20:46:15.343 [info] fatal: not a git repository (or any of the parent directories): .git
2024-04-30 20:46:17.960 [info] > git rev-parse --show-toplevel [2ms]
2024-04-30 20:46:17.960 [info] fatal: not a git repository (or any of the parent directories): .git
2024-04-30 20:46:20.691 [info] > git rev-parse --show-toplevel [3ms]
2024-04-30 20:46:20.691 [info] fatal: not a git repository (or any of the parent directories): .git
2024-04-30 20:46:24.390 [info] > git rev-parse --show-toplevel [2ms]
2024-04-30 20:46:24.390 [info] fatal: not a git repository (or any of the parent directories): .git
2024-04-30 20:46:29.904 [info] > git rev-parse --show-toplevel [4ms]
2024-04-30 20:46:29.904 [info] fatal: not a git repository (or any of the parent directories): .git
2024-04-30 20:46:47.351 [info] > git rev-parse --show-toplevel [4ms]
2024-04-30 20:46:47.351 [info] fatal: not a git repository (or any of the parent directories): .git
2024-04-30 20:46:48.929 [info] > git rev-parse --show-toplevel [3ms]
2024-04-30 20:46:48.929 [info] fatal: not a git repository (or any of the parent directories): .git
2024-04-30 20:46:50.201 [info] > git rev-parse --show-toplevel [2ms]
2024-04-30 20:46:50.202 [info] fatal: not a git repository (or any of the parent directories): .git
2024-04-30 20:46:53.120 [info] > git rev-parse --show-toplevel [2ms]
2024-04-30 20:46:53.120 [info] fatal: not a git repository (or any of the parent directories): .git
2024-04-30 20:47:00.256 [info] > git rev-parse --show-toplevel [2ms]
2024-04-30 20:47:00.256 [info] fatal: not a git repository (or any of the parent directories): .git
2024-04-30 20:47:02.565 [info] > git rev-parse --show-toplevel [6ms]
2024-04-30 20:47:02.565 [info] fatal: not a git repository (or any of the parent directories): .git
2024-04-30 20:47:03.761 [info] > git rev-parse --show-toplevel [9ms]
2024-04-30 20:47:03.761 [info] fatal: not a git repository (or any of the parent directories): .git
2024-04-30 20:47:04.984 [info] > git rev-parse --show-toplevel [8ms]
2024-04-30 20:47:04.984 [info] fatal: not a git repository (or any of the parent directories): .git
2024-04-30 20:47:05.974 [info] > git rev-parse --show-toplevel [8ms]
2024-04-30 20:47:05.974 [info] fatal: not a git repository (or any of the parent directories): .git
2024-04-30 20:47:06.901 [info] > git rev-parse --show-toplevel [9ms]
2024-04-30 20:47:06.901 [info] fatal: not a git repository (or any of the parent directories): .git
2024-04-30 20:47:08.257 [info] > git rev-parse --show-toplevel [1ms]
2024-04-30 20:47:08.257 [info] fatal: not a git repository (or any of the parent directories): .git
2024-04-30 20:47:09.473 [info] > git rev-parse --show-toplevel [6ms]
2024-04-30 20:47:09.473 [info] fatal: not a git repository (or any of the parent directories): .git
2024-04-30 20:47:10.453 [info] > git rev-parse --show-toplevel [11ms]
2024-04-30 20:47:10.454 [info] fatal: not a git repository (or any of the parent directories): .git
2024-04-30 20:47:11.426 [info] > git rev-parse --show-toplevel [4ms]
2024-04-30 20:47:11.426 [info] fatal: not a git repository (or any of the parent directories): .git
2024-04-30 20:47:12.459 [info] > git rev-parse --show-toplevel [8ms]
2024-04-30 20:47:12.459 [info] fatal: not a git repository (or any of the parent directories): .git
2024-04-30 20:47:13.971 [info] > git rev-parse --show-toplevel [8ms]
2024-04-30 20:47:13.971 [info] fatal: not a git repository (or any of the parent directories): .git
2024-04-30 20:47:20.164 [info] > git rev-parse --show-toplevel [7ms]
2024-04-30 20:47:20.164 [info] fatal: not a git repository (or any of the parent directories): .git
2024-04-30 20:47:22.436 [info] > git rev-parse --show-toplevel [10ms]
2024-04-30 20:47:22.436 [info] fatal: not a git repository (or any of the parent directories): .git
2024-04-30 20:47:24.288 [info] > git rev-parse --show-toplevel [6ms]
2024-04-30 20:47:24.288 [info] fatal: not a git repository (or any of the parent directories): .git
2024-04-30 20:47:25.183 [info] > git rev-parse --show-toplevel [9ms]
2024-04-30 20:47:25.183 [info] fatal: not a git repository (or any of the parent directories): .git
2024-04-30 20:47:26.232 [info] > git rev-parse --show-toplevel [8ms]
2024-04-30 20:47:26.232 [info] fatal: not a git repository (or any of the parent directories): .git
2024-04-30 20:47:27.177 [info] > git rev-parse --show-toplevel [6ms]
2024-04-30 20:47:27.177 [info] fatal: not a git repository (or any of the parent directories): .git
2024-04-30 20:47:38.176 [info] > git rev-parse --show-toplevel [7ms]
2024-04-30 20:47:38.176 [info] fatal: not a git repository (or any of the parent directories): .git
2024-04-30 20:47:54.649 [info] > git rev-parse --show-toplevel [6ms]
2024-04-30 20:47:54.649 [info] fatal: not a git repository (or any of the parent directories): .git
2024-04-30 20:47:55.793 [info] > git rev-parse --show-toplevel [1ms]
2024-04-30 20:47:55.793 [info] fatal: not a git repository (or any of the parent directories): .git
2024-04-30 20:48:03.299 [info] > git rev-parse --show-toplevel [10ms]
2024-04-30 20:48:03.299 [info] fatal: not a git repository (or any of the parent directories): .git
2024-04-30 20:48:09.193 [info] > git rev-parse --show-toplevel [2ms]
2024-04-30 20:48:09.193 [info] fatal: not a git repository (or any of the parent directories): .git
2024-04-30 20:57:55.178 [info] > git rev-parse --show-toplevel [2ms]
2024-04-30 20:57:55.178 [info] fatal: not a git repository (or any of the parent directories): .git
2024-04-30 20:58:03.182 [info] > git rev-parse --show-toplevel [8ms]
2024-04-30 20:58:03.182 [info] fatal: not a git repository (or any of the parent directories): .git
