2024-05-05 17:18:00.405 [info] Log level: Info
2024-05-05 17:18:00.405 [info] Validating found git in: "git"
2024-05-05 17:18:00.405 [info] Using git "2.39.3" from "git"
2024-05-05 17:18:00.405 [info] > git rev-parse --show-toplevel [3ms]
2024-05-05 17:18:00.405 [info] fatal: not a git repository (or any of the parent directories): .git
2024-05-05 17:18:00.405 [info] > git rev-parse --show-toplevel [4ms]
2024-05-05 17:18:00.405 [info] fatal: not a git repository (or any of the parent directories): .git
2024-05-05 17:18:00.407 [info] > git rev-parse --show-toplevel [2ms]
2024-05-05 17:18:00.407 [info] fatal: not a git repository (or any of the parent directories): .git
2024-05-05 17:18:00.414 [info] > git rev-parse --show-toplevel [3ms]
2024-05-05 17:18:00.414 [info] fatal: not a git repository (or any of the parent directories): .git
2024-05-05 17:18:00.422 [info] > git rev-parse --show-toplevel [1ms]
2024-05-05 17:18:00.422 [info] fatal: not a git repository (or any of the parent directories): .git
2024-05-05 17:18:00.431 [info] > git rev-parse --show-toplevel [3ms]
2024-05-05 17:18:00.431 [info] fatal: not a git repository (or any of the parent directories): .git
2024-05-05 17:18:00.438 [info] > git rev-parse --show-toplevel [2ms]
2024-05-05 17:18:00.438 [info] fatal: not a git repository (or any of the parent directories): .git
2024-05-05 17:18:00.446 [info] > git rev-parse --show-toplevel [2ms]
2024-05-05 17:18:00.446 [info] fatal: not a git repository (or any of the parent directories): .git
2024-05-05 17:18:29.004 [info] > git rev-parse --show-toplevel [2ms]
2024-05-05 17:18:29.004 [info] fatal: not a git repository (or any of the parent directories): .git
2024-05-05 17:19:31.977 [info] > git rev-parse --show-toplevel [12ms]
2024-05-05 17:19:31.977 [info] fatal: not a git repository (or any of the parent directories): .git
2024-05-05 17:19:57.020 [info] > git rev-parse --show-toplevel [5ms]
2024-05-05 17:19:57.020 [info] fatal: not a git repository (or any of the parent directories): .git
2024-05-05 17:23:39.154 [info] > git rev-parse --show-toplevel [689ms]
2024-05-05 17:23:39.158 [info] fatal: not a git repository (or any of the parent directories): .git
2024-05-05 17:23:59.412 [info] > git rev-parse --show-toplevel [3ms]
2024-05-05 17:23:59.413 [info] fatal: not a git repository (or any of the parent directories): .git
2024-05-05 17:26:15.592 [info] > git rev-parse --show-toplevel [3ms]
2024-05-05 17:26:15.593 [info] fatal: not a git repository (or any of the parent directories): .git
2024-05-05 17:26:25.293 [info] > git rev-parse --show-toplevel [2ms]
2024-05-05 17:26:25.293 [info] fatal: not a git repository (or any of the parent directories): .git
2024-05-05 17:32:39.429 [info] > git rev-parse --show-toplevel [61ms]
2024-05-05 17:32:39.434 [info] fatal: not a git repository (or any of the parent directories): .git
2024-05-05 17:33:13.023 [info] > git rev-parse --show-toplevel [1ms]
2024-05-05 17:33:13.023 [info] fatal: not a git repository (or any of the parent directories): .git
2024-05-05 17:33:27.606 [info] > git rev-parse --show-toplevel [2ms]
2024-05-05 17:33:27.606 [info] fatal: not a git repository (or any of the parent directories): .git
2024-05-05 17:33:37.623 [info] > git rev-parse --show-toplevel [3ms]
2024-05-05 17:33:37.623 [info] fatal: not a git repository (or any of the parent directories): .git
2024-05-05 17:35:54.682 [info] > git rev-parse --show-toplevel [2ms]
2024-05-05 17:35:54.682 [info] fatal: not a git repository (or any of the parent directories): .git
2024-05-05 17:36:43.065 [info] > git rev-parse --show-toplevel [2ms]
2024-05-05 17:36:43.065 [info] fatal: not a git repository (or any of the parent directories): .git
2024-05-05 17:43:44.462 [info] > git rev-parse --show-toplevel [3ms]
2024-05-05 17:43:44.462 [info] fatal: not a git repository (or any of the parent directories): .git
2024-05-05 17:43:55.820 [info] > git rev-parse --show-toplevel [2ms]
2024-05-05 17:43:55.820 [info] fatal: not a git repository (or any of the parent directories): .git
2024-05-05 17:48:12.784 [info] > git rev-parse --show-toplevel [2ms]
2024-05-05 17:48:12.784 [info] fatal: not a git repository (or any of the parent directories): .git
2024-05-05 18:00:18.400 [info] > git rev-parse --show-toplevel [1ms]
2024-05-05 18:00:18.400 [info] fatal: not a git repository (or any of the parent directories): .git
2024-05-05 18:01:43.422 [info] > git rev-parse --show-toplevel [19ms]
2024-05-05 18:01:43.424 [info] fatal: not a git repository (or any of the parent directories): .git
2024-05-05 18:01:55.963 [info] > git rev-parse --show-toplevel [697ms]
2024-05-05 18:01:55.972 [info] fatal: not a git repository (or any of the parent directories): .git
